Nov 17, 2018 4:35:04 AM org.apache.catalina.startup.VersionLoggerListener log
INFO: Server version:        Apache Tomcat/7.0.91
Nov 17, 2018 4:35:04 AM org.apache.catalina.startup.VersionLoggerListener log
INFO: Server built:          Sep 13 2018 19:52:12 UTC
Nov 17, 2018 4:35:04 AM org.apache.catalina.startup.VersionLoggerListener log
INFO: Server number:         7.0.91.0
Nov 17, 2018 4:35:04 AM org.apache.catalina.startup.VersionLoggerListener log
INFO: OS Name:               Linux
Nov 17, 2018 4:35:04 AM org.apache.catalina.startup.VersionLoggerListener log
INFO: OS Version:            3.10.0-862.14.4.el7.x86_64
Nov 17, 2018 4:35:04 AM org.apache.catalina.startup.VersionLoggerListener log
INFO: Architecture:          amd64
Nov 17, 2018 4:35:04 AM org.apache.catalina.startup.VersionLoggerListener log
INFO: Java Home:             /usr/lib/jvm/java-1.8.0-openjdk-1.8.0.191.b12-0.el7_5.x86_64/jre
Nov 17, 2018 4:35:04 AM org.apache.catalina.startup.VersionLoggerListener log
INFO: JVM Version:           1.8.0_191-b12
Nov 17, 2018 4:35:04 AM org.apache.catalina.startup.VersionLoggerListener log
INFO: JVM Vendor:            Oracle Corporation
Nov 17, 2018 4:35:04 AM org.apache.catalina.startup.VersionLoggerListener log
INFO: CATALINA_BASE:         /home/sakamuri_sravanthij/java.com/apache-tomcat-7.0.91
Nov 17, 2018 4:35:04 AM org.apache.catalina.startup.VersionLoggerListener log
INFO: CATALINA_HOME:         /home/sakamuri_sravanthij/java.com/apache-tomcat-7.0.91
Nov 17, 2018 4:35:04 AM org.apache.catalina.startup.VersionLoggerListener log
INFO: Command line argument: -Djava.util.logging.config.file=/home/sakamuri_sravanthij/java.com/apache-tomcat-7.0.91/conf/logging.properties
Nov 17, 2018 4:35:04 AM org.apache.catalina.startup.VersionLoggerListener log
INFO: Command line argument: -Djava.util.logging.manager=org.apache.juli.ClassLoaderLogManager
Nov 17, 2018 4:35:04 AM org.apache.catalina.startup.VersionLoggerListener log
INFO: Command line argument: -Djdk.tls.ephemeralDHKeySize=2048
Nov 17, 2018 4:35:04 AM org.apache.catalina.startup.VersionLoggerListener log
INFO: Command line argument: -Dignore.endorsed.dirs=
Nov 17, 2018 4:35:04 AM org.apache.catalina.startup.VersionLoggerListener log
INFO: Command line argument: -Dcatalina.base=/home/sakamuri_sravanthij/java.com/apache-tomcat-7.0.91
Nov 17, 2018 4:35:04 AM org.apache.catalina.startup.VersionLoggerListener log
INFO: Command line argument: -Dcatalina.home=/home/sakamuri_sravanthij/java.com/apache-tomcat-7.0.91
Nov 17, 2018 4:35:04 AM org.apache.catalina.startup.VersionLoggerListener log
INFO: Command line argument: -Djava.io.tmpdir=/home/sakamuri_sravanthij/java.com/apache-tomcat-7.0.91/temp
Nov 17, 2018 4:35:04 AM org.apache.catalina.core.AprLifecycleListener lifecycleEvent
INFO: The APR based Apache Tomcat Native library which allows optimal performance in production environments was not found on the java.library.path: /usr/java/packages/lib/amd64:/usr/lib64:/lib64:/lib:/usr/lib
Nov 17, 2018 4:35:04 AM org.apache.coyote.AbstractProtocol init
INFO: Initializing ProtocolHandler ["http-bio-8080"]
Nov 17, 2018 4:35:04 AM org.apache.coyote.AbstractProtocol init
INFO: Initializing ProtocolHandler ["ajp-bio-8009"]
Nov 17, 2018 4:35:04 AM org.apache.catalina.startup.Catalina load
INFO: Initialization processed in 1556 ms
Nov 17, 2018 4:35:04 AM org.apache.catalina.core.StandardService startInternal
INFO: Starting service Catalina
Nov 17, 2018 4:35:04 AM org.apache.catalina.core.StandardEngine startInternal
INFO: Starting Servlet Engine: Apache Tomcat/7.0.91
Nov 17, 2018 4:35:04 AM org.apache.catalina.startup.HostConfig deployDirectory
INFO: Deploying web application directory /home/sakamuri_sravanthij/java.com/apache-tomcat-7.0.91/webapps/ROOT
Nov 17, 2018 4:35:05 AM org.apache.catalina.startup.HostConfig deployDirectory
INFO: Deployment of web application directory /home/sakamuri_sravanthij/java.com/apache-tomcat-7.0.91/webapps/ROOT has finished in 860 ms
Nov 17, 2018 4:35:05 AM org.apache.catalina.startup.HostConfig deployDirectory
INFO: Deploying web application directory /home/sakamuri_sravanthij/java.com/apache-tomcat-7.0.91/webapps/docs
Nov 17, 2018 4:35:05 AM org.apache.catalina.startup.HostConfig deployDirectory
INFO: Deployment of web application directory /home/sakamuri_sravanthij/java.com/apache-tomcat-7.0.91/webapps/docs has finished in 122 ms
Nov 17, 2018 4:35:05 AM org.apache.catalina.startup.HostConfig deployDirectory
INFO: Deploying web application directory /home/sakamuri_sravanthij/java.com/apache-tomcat-7.0.91/webapps/examples
Nov 17, 2018 4:35:05 AM org.apache.catalina.startup.HostConfig deployDirectory
INFO: Deployment of web application directory /home/sakamuri_sravanthij/java.com/apache-tomcat-7.0.91/webapps/examples has finished in 475 ms
Nov 17, 2018 4:35:05 AM org.apache.catalina.startup.HostConfig deployDirectory
INFO: Deploying web application directory /home/sakamuri_sravanthij/java.com/apache-tomcat-7.0.91/webapps/host-manager
Nov 17, 2018 4:35:06 AM org.apache.catalina.startup.HostConfig deployDirectory
INFO: Deployment of web application directory /home/sakamuri_sravanthij/java.com/apache-tomcat-7.0.91/webapps/host-manager has finished in 105 ms
Nov 17, 2018 4:35:06 AM org.apache.catalina.startup.HostConfig deployDirectory
INFO: Deploying web application directory /home/sakamuri_sravanthij/java.com/apache-tomcat-7.0.91/webapps/manager
Nov 17, 2018 4:35:06 AM org.apache.catalina.startup.HostConfig deployDirectory
INFO: Deployment of web application directory /home/sakamuri_sravanthij/java.com/apache-tomcat-7.0.91/webapps/manager has finished in 95 ms
Nov 17, 2018 4:35:06 AM org.apache.coyote.AbstractProtocol start
INFO: Starting ProtocolHandler ["http-bio-8080"]
Nov 17, 2018 4:35:06 AM org.apache.coyote.AbstractProtocol start
INFO: Starting ProtocolHandler ["ajp-bio-8009"]
Nov 17, 2018 4:35:06 AM org.apache.catalina.startup.Catalina start
INFO: Server startup in 1808 ms
Nov 17, 2018 5:19:21 AM org.apache.catalina.core.StandardServer await
INFO: A valid shutdown command was received via the shutdown port. Stopping the Server instance.
Nov 17, 2018 5:19:21 AM org.apache.coyote.AbstractProtocol pause
INFO: Pausing ProtocolHandler ["http-bio-8080"]
Nov 17, 2018 5:19:21 AM org.apache.coyote.AbstractProtocol pause
INFO: Pausing ProtocolHandler ["ajp-bio-8009"]
Nov 17, 2018 5:19:21 AM org.apache.catalina.core.StandardService stopInternal
INFO: Stopping service Catalina
Nov 17, 2018 5:19:21 AM org.apache.coyote.AbstractProtocol stop
INFO: Stopping ProtocolHandler ["http-bio-8080"]
Nov 17, 2018 5:19:21 AM org.apache.coyote.AbstractProtocol stop
INFO: Stopping ProtocolHandler ["ajp-bio-8009"]
Nov 17, 2018 5:19:21 AM org.apache.coyote.AbstractProtocol destroy
INFO: Destroying ProtocolHandler ["http-bio-8080"]
Nov 17, 2018 5:19:21 AM org.apache.coyote.AbstractProtocol destroy
INFO: Destroying ProtocolHandler ["ajp-bio-8009"]
Nov 17, 2018 5:19:34 AM org.apache.catalina.startup.VersionLoggerListener log
INFO: Server version:        Apache Tomcat/7.0.91
Nov 17, 2018 5:19:34 AM org.apache.catalina.startup.VersionLoggerListener log
INFO: Server built:          Sep 13 2018 19:52:12 UTC
Nov 17, 2018 5:19:34 AM org.apache.catalina.startup.VersionLoggerListener log
INFO: Server number:         7.0.91.0
Nov 17, 2018 5:19:34 AM org.apache.catalina.startup.VersionLoggerListener log
INFO: OS Name:               Linux
Nov 17, 2018 5:19:34 AM org.apache.catalina.startup.VersionLoggerListener log
INFO: OS Version:            3.10.0-862.14.4.el7.x86_64
Nov 17, 2018 5:19:34 AM org.apache.catalina.startup.VersionLoggerListener log
INFO: Architecture:          amd64
Nov 17, 2018 5:19:34 AM org.apache.catalina.startup.VersionLoggerListener log
INFO: Java Home:             /usr/lib/jvm/java-1.8.0-openjdk-1.8.0.191.b12-0.el7_5.x86_64/jre
Nov 17, 2018 5:19:34 AM org.apache.catalina.startup.VersionLoggerListener log
INFO: JVM Version:           1.8.0_191-b12
Nov 17, 2018 5:19:34 AM org.apache.catalina.startup.VersionLoggerListener log
INFO: JVM Vendor:            Oracle Corporation
Nov 17, 2018 5:19:34 AM org.apache.catalina.startup.VersionLoggerListener log
INFO: CATALINA_BASE:         /home/sakamuri_sravanthij/java.com/apache-tomcat-7.0.91
Nov 17, 2018 5:19:34 AM org.apache.catalina.startup.VersionLoggerListener log
INFO: CATALINA_HOME:         /home/sakamuri_sravanthij/java.com/apache-tomcat-7.0.91
Nov 17, 2018 5:19:34 AM org.apache.catalina.startup.VersionLoggerListener log
INFO: Command line argument: -Djava.util.logging.config.file=/home/sakamuri_sravanthij/java.com/apache-tomcat-7.0.91/conf/logging.properties
Nov 17, 2018 5:19:34 AM org.apache.catalina.startup.VersionLoggerListener log
INFO: Command line argument: -Djava.util.logging.manager=org.apache.juli.ClassLoaderLogManager
Nov 17, 2018 5:19:34 AM org.apache.catalina.startup.VersionLoggerListener log
INFO: Command line argument: -Djdk.tls.ephemeralDHKeySize=2048
Nov 17, 2018 5:19:34 AM org.apache.catalina.startup.VersionLoggerListener log
INFO: Command line argument: -Dignore.endorsed.dirs=
Nov 17, 2018 5:19:34 AM org.apache.catalina.startup.VersionLoggerListener log
INFO: Command line argument: -Dcatalina.base=/home/sakamuri_sravanthij/java.com/apache-tomcat-7.0.91
Nov 17, 2018 5:19:34 AM org.apache.catalina.startup.VersionLoggerListener log
INFO: Command line argument: -Dcatalina.home=/home/sakamuri_sravanthij/java.com/apache-tomcat-7.0.91
Nov 17, 2018 5:19:34 AM org.apache.catalina.startup.VersionLoggerListener log
INFO: Command line argument: -Djava.io.tmpdir=/home/sakamuri_sravanthij/java.com/apache-tomcat-7.0.91/temp
Nov 17, 2018 5:19:34 AM org.apache.catalina.core.AprLifecycleListener lifecycleEvent
INFO: The APR based Apache Tomcat Native library which allows optimal performance in production environments was not found on the java.library.path: /usr/java/packages/lib/amd64:/usr/lib64:/lib64:/lib:/usr/lib
Nov 17, 2018 5:19:34 AM org.apache.coyote.AbstractProtocol init
INFO: Initializing ProtocolHandler ["http-bio-8080"]
Nov 17, 2018 5:19:34 AM org.apache.coyote.AbstractProtocol init
INFO: Initializing ProtocolHandler ["ajp-bio-8009"]
Nov 17, 2018 5:19:34 AM org.apache.catalina.startup.Catalina load
INFO: Initialization processed in 1087 ms
Nov 17, 2018 5:19:34 AM org.apache.catalina.core.StandardService startInternal
INFO: Starting service Catalina
Nov 17, 2018 5:19:34 AM org.apache.catalina.core.StandardEngine startInternal
INFO: Starting Servlet Engine: Apache Tomcat/7.0.91
Nov 17, 2018 5:19:34 AM org.apache.catalina.startup.HostConfig deployDirectory
INFO: Deploying web application directory /home/sakamuri_sravanthij/java.com/apache-tomcat-7.0.91/webapps/ROOT
Nov 17, 2018 5:19:35 AM org.apache.catalina.startup.HostConfig deployDirectory
INFO: Deployment of web application directory /home/sakamuri_sravanthij/java.com/apache-tomcat-7.0.91/webapps/ROOT has finished in 637 ms
Nov 17, 2018 5:19:35 AM org.apache.catalina.startup.HostConfig deployDirectory
INFO: Deploying web application directory /home/sakamuri_sravanthij/java.com/apache-tomcat-7.0.91/webapps/docs
Nov 17, 2018 5:19:35 AM org.apache.catalina.startup.HostConfig deployDirectory
INFO: Deployment of web application directory /home/sakamuri_sravanthij/java.com/apache-tomcat-7.0.91/webapps/docs has finished in 122 ms
Nov 17, 2018 5:19:35 AM org.apache.catalina.startup.HostConfig deployDirectory
INFO: Deploying web application directory /home/sakamuri_sravanthij/java.com/apache-tomcat-7.0.91/webapps/examples
Nov 17, 2018 5:19:35 AM org.apache.catalina.startup.HostConfig deployDirectory
INFO: Deployment of web application directory /home/sakamuri_sravanthij/java.com/apache-tomcat-7.0.91/webapps/examples has finished in 413 ms
Nov 17, 2018 5:19:35 AM org.apache.catalina.startup.HostConfig deployDirectory
INFO: Deploying web application directory /home/sakamuri_sravanthij/java.com/apache-tomcat-7.0.91/webapps/host-manager
Nov 17, 2018 5:19:35 AM org.apache.catalina.startup.HostConfig deployDirectory
INFO: Deployment of web application directory /home/sakamuri_sravanthij/java.com/apache-tomcat-7.0.91/webapps/host-manager has finished in 88 ms
Nov 17, 2018 5:19:35 AM org.apache.catalina.startup.HostConfig deployDirectory
INFO: Deploying web application directory /home/sakamuri_sravanthij/java.com/apache-tomcat-7.0.91/webapps/manager
Nov 17, 2018 5:19:36 AM org.apache.catalina.startup.HostConfig deployDirectory
INFO: Deployment of web application directory /home/sakamuri_sravanthij/java.com/apache-tomcat-7.0.91/webapps/manager has finished in 94 ms
Nov 17, 2018 5:19:36 AM org.apache.coyote.AbstractProtocol start
INFO: Starting ProtocolHandler ["http-bio-8080"]
Nov 17, 2018 5:19:36 AM org.apache.coyote.AbstractProtocol start
INFO: Starting ProtocolHandler ["ajp-bio-8009"]
Nov 17, 2018 5:19:36 AM org.apache.catalina.startup.Catalina start
INFO: Server startup in 1587 ms
Nov 17, 2018 5:23:32 AM org.apache.catalina.startup.VersionLoggerListener log
INFO: Server version:        Apache Tomcat/7.0.91
Nov 17, 2018 5:23:32 AM org.apache.catalina.startup.VersionLoggerListener log
INFO: Server built:          Sep 13 2018 19:52:12 UTC
Nov 17, 2018 5:23:32 AM org.apache.catalina.startup.VersionLoggerListener log
INFO: Server number:         7.0.91.0
Nov 17, 2018 5:23:32 AM org.apache.catalina.startup.VersionLoggerListener log
INFO: OS Name:               Linux
Nov 17, 2018 5:23:32 AM org.apache.catalina.startup.VersionLoggerListener log
INFO: OS Version:            3.10.0-862.14.4.el7.x86_64
Nov 17, 2018 5:23:32 AM org.apache.catalina.startup.VersionLoggerListener log
INFO: Architecture:          amd64
Nov 17, 2018 5:23:32 AM org.apache.catalina.startup.VersionLoggerListener log
INFO: Java Home:             /usr/lib/jvm/java-1.8.0-openjdk-1.8.0.191.b12-0.el7_5.x86_64/jre
Nov 17, 2018 5:23:32 AM org.apache.catalina.startup.VersionLoggerListener log
INFO: JVM Version:           1.8.0_191-b12
Nov 17, 2018 5:23:32 AM org.apache.catalina.startup.VersionLoggerListener log
INFO: JVM Vendor:            Oracle Corporation
Nov 17, 2018 5:23:32 AM org.apache.catalina.startup.VersionLoggerListener log
INFO: CATALINA_BASE:         /home/sakamuri_sravanthij/java.com/apache-tomcat-7.0.91
Nov 17, 2018 5:23:32 AM org.apache.catalina.startup.VersionLoggerListener log
INFO: CATALINA_HOME:         /home/sakamuri_sravanthij/java.com/apache-tomcat-7.0.91
Nov 17, 2018 5:23:32 AM org.apache.catalina.startup.VersionLoggerListener log
INFO: Command line argument: -Djava.util.logging.config.file=/home/sakamuri_sravanthij/java.com/apache-tomcat-7.0.91/conf/logging.properties
Nov 17, 2018 5:23:32 AM org.apache.catalina.startup.VersionLoggerListener log
INFO: Command line argument: -Djava.util.logging.manager=org.apache.juli.ClassLoaderLogManager
Nov 17, 2018 5:23:32 AM org.apache.catalina.startup.VersionLoggerListener log
INFO: Command line argument: -Djdk.tls.ephemeralDHKeySize=2048
Nov 17, 2018 5:23:32 AM org.apache.catalina.startup.VersionLoggerListener log
INFO: Command line argument: -Dignore.endorsed.dirs=
Nov 17, 2018 5:23:32 AM org.apache.catalina.startup.VersionLoggerListener log
INFO: Command line argument: -Dcatalina.base=/home/sakamuri_sravanthij/java.com/apache-tomcat-7.0.91
Nov 17, 2018 5:23:32 AM org.apache.catalina.startup.VersionLoggerListener log
INFO: Command line argument: -Dcatalina.home=/home/sakamuri_sravanthij/java.com/apache-tomcat-7.0.91
Nov 17, 2018 5:23:32 AM org.apache.catalina.startup.VersionLoggerListener log
INFO: Command line argument: -Djava.io.tmpdir=/home/sakamuri_sravanthij/java.com/apache-tomcat-7.0.91/temp
Nov 17, 2018 5:23:32 AM org.apache.catalina.core.AprLifecycleListener lifecycleEvent
INFO: The APR based Apache Tomcat Native library which allows optimal performance in production environments was not found on the java.library.path: /usr/java/packages/lib/amd64:/usr/lib64:/lib64:/lib:/usr/lib
Nov 17, 2018 5:23:32 AM org.apache.coyote.AbstractProtocol init
INFO: Initializing ProtocolHandler ["http-bio-8080"]
Nov 17, 2018 5:23:32 AM org.apache.coyote.AbstractProtocol init
SEVERE: Failed to initialize end point associated with ProtocolHandler ["http-bio-8080"]
java.net.BindException: Address already in use (Bind failed) <null>:8080
	at org.apache.tomcat.util.net.JIoEndpoint.bind(JIoEndpoint.java:413)
	at org.apache.tomcat.util.net.AbstractEndpoint.init(AbstractEndpoint.java:728)
	at org.apache.coyote.AbstractProtocol.init(AbstractProtocol.java:452)
	at org.apache.coyote.http11.AbstractHttp11JsseProtocol.init(AbstractHttp11JsseProtocol.java:119)
	at org.apache.catalina.connector.Connector.initInternal(Connector.java:978)
	at org.apache.catalina.util.LifecycleBase.init(LifecycleBase.java:102)
	at org.apache.catalina.core.StandardService.initInternal(StandardService.java:560)
	at org.apache.catalina.util.LifecycleBase.init(LifecycleBase.java:102)
	at org.apache.catalina.core.StandardServer.initInternal(StandardServer.java:840)
	at org.apache.catalina.util.LifecycleBase.init(LifecycleBase.java:102)
	at org.apache.catalina.startup.Catalina.load(Catalina.java:654)
	at org.apache.catalina.startup.Catalina.load(Catalina.java:679)
	at sun.reflect.NativeMethodAccessorImpl.invoke0(Native Method)
	at sun.reflect.NativeMethodAccessorImpl.invoke(NativeMethodAccessorImpl.java:62)
	at sun.reflect.DelegatingMethodAccessorImpl.invoke(DelegatingMethodAccessorImpl.java:43)
	at java.lang.reflect.Method.invoke(Method.java:498)
	at org.apache.catalina.startup.Bootstrap.load(Bootstrap.java:253)
	at org.apache.catalina.startup.Bootstrap.main(Bootstrap.java:427)
Caused by: java.net.BindException: Address already in use (Bind failed)
	at java.net.PlainSocketImpl.socketBind(Native Method)
	at java.net.AbstractPlainSocketImpl.bind(AbstractPlainSocketImpl.java:387)
	at java.net.ServerSocket.bind(ServerSocket.java:375)
	at java.net.ServerSocket.<init>(ServerSocket.java:237)
	at java.net.ServerSocket.<init>(ServerSocket.java:181)
	at org.apache.tomcat.util.net.DefaultServerSocketFactory.createSocket(DefaultServerSocketFactory.java:49)
	at org.apache.tomcat.util.net.JIoEndpoint.bind(JIoEndpoint.java:400)
	... 17 more

Nov 17, 2018 5:23:32 AM org.apache.catalina.core.StandardService initInternal
SEVERE: Failed to initialize connector [Connector[HTTP/1.1-8080]]
org.apache.catalina.LifecycleException: Failed to initialize component [Connector[HTTP/1.1-8080]]
	at org.apache.catalina.util.LifecycleBase.init(LifecycleBase.java:107)
	at org.apache.catalina.core.StandardService.initInternal(StandardService.java:560)
	at org.apache.catalina.util.LifecycleBase.init(LifecycleBase.java:102)
	at org.apache.catalina.core.StandardServer.initInternal(StandardServer.java:840)
	at org.apache.catalina.util.LifecycleBase.init(LifecycleBase.java:102)
	at org.apache.catalina.startup.Catalina.load(Catalina.java:654)
	at org.apache.catalina.startup.Catalina.load(Catalina.java:679)
	at sun.reflect.NativeMethodAccessorImpl.invoke0(Native Method)
	at sun.reflect.NativeMethodAccessorImpl.invoke(NativeMethodAccessorImpl.java:62)
	at sun.reflect.DelegatingMethodAccessorImpl.invoke(DelegatingMethodAccessorImpl.java:43)
	at java.lang.reflect.Method.invoke(Method.java:498)
	at org.apache.catalina.startup.Bootstrap.load(Bootstrap.java:253)
	at org.apache.catalina.startup.Bootstrap.main(Bootstrap.java:427)
Caused by: org.apache.catalina.LifecycleException: Protocol handler initialization failed
	at org.apache.catalina.connector.Connector.initInternal(Connector.java:980)
	at org.apache.catalina.util.LifecycleBase.init(LifecycleBase.java:102)
	... 12 more
Caused by: java.net.BindException: Address already in use (Bind failed) <null>:8080
	at org.apache.tomcat.util.net.JIoEndpoint.bind(JIoEndpoint.java:413)
	at org.apache.tomcat.util.net.AbstractEndpoint.init(AbstractEndpoint.java:728)
	at org.apache.coyote.AbstractProtocol.init(AbstractProtocol.java:452)
	at org.apache.coyote.http11.AbstractHttp11JsseProtocol.init(AbstractHttp11JsseProtocol.java:119)
	at org.apache.catalina.connector.Connector.initInternal(Connector.java:978)
	... 13 more
Caused by: java.net.BindException: Address already in use (Bind failed)
	at java.net.PlainSocketImpl.socketBind(Native Method)
	at java.net.AbstractPlainSocketImpl.bind(AbstractPlainSocketImpl.java:387)
	at java.net.ServerSocket.bind(ServerSocket.java:375)
	at java.net.ServerSocket.<init>(ServerSocket.java:237)
	at java.net.ServerSocket.<init>(ServerSocket.java:181)
	at org.apache.tomcat.util.net.DefaultServerSocketFactory.createSocket(DefaultServerSocketFactory.java:49)
	at org.apache.tomcat.util.net.JIoEndpoint.bind(JIoEndpoint.java:400)
	... 17 more

Nov 17, 2018 5:23:32 AM org.apache.coyote.AbstractProtocol init
INFO: Initializing ProtocolHandler ["ajp-bio-8009"]
Nov 17, 2018 5:23:32 AM org.apache.coyote.AbstractProtocol init
SEVERE: Failed to initialize end point associated with ProtocolHandler ["ajp-bio-8009"]
java.net.BindException: Address already in use (Bind failed) <null>:8009
	at org.apache.tomcat.util.net.JIoEndpoint.bind(JIoEndpoint.java:413)
	at org.apache.tomcat.util.net.AbstractEndpoint.init(AbstractEndpoint.java:728)
	at org.apache.coyote.AbstractProtocol.init(AbstractProtocol.java:452)
	at org.apache.catalina.connector.Connector.initInternal(Connector.java:978)
	at org.apache.catalina.util.LifecycleBase.init(LifecycleBase.java:102)
	at org.apache.catalina.core.StandardService.initInternal(StandardService.java:560)
	at org.apache.catalina.util.LifecycleBase.init(LifecycleBase.java:102)
	at org.apache.catalina.core.StandardServer.initInternal(StandardServer.java:840)
	at org.apache.catalina.util.LifecycleBase.init(LifecycleBase.java:102)
	at org.apache.catalina.startup.Catalina.load(Catalina.java:654)
	at org.apache.catalina.startup.Catalina.load(Catalina.java:679)
	at sun.reflect.NativeMethodAccessorImpl.invoke0(Native Method)
	at sun.reflect.NativeMethodAccessorImpl.invoke(NativeMethodAccessorImpl.java:62)
	at sun.reflect.DelegatingMethodAccessorImpl.invoke(DelegatingMethodAccessorImpl.java:43)
	at java.lang.reflect.Method.invoke(Method.java:498)
	at org.apache.catalina.startup.Bootstrap.load(Bootstrap.java:253)
	at org.apache.catalina.startup.Bootstrap.main(Bootstrap.java:427)
Caused by: java.net.BindException: Address already in use (Bind failed)
	at java.net.PlainSocketImpl.socketBind(Native Method)
	at java.net.AbstractPlainSocketImpl.bind(AbstractPlainSocketImpl.java:387)
	at java.net.ServerSocket.bind(ServerSocket.java:375)
	at java.net.ServerSocket.<init>(ServerSocket.java:237)
	at java.net.ServerSocket.<init>(ServerSocket.java:181)
	at org.apache.tomcat.util.net.DefaultServerSocketFactory.createSocket(DefaultServerSocketFactory.java:49)
	at org.apache.tomcat.util.net.JIoEndpoint.bind(JIoEndpoint.java:400)
	... 16 more

Nov 17, 2018 5:23:32 AM org.apache.catalina.core.StandardService initInternal
SEVERE: Failed to initialize connector [Connector[AJP/1.3-8009]]
org.apache.catalina.LifecycleException: Failed to initialize component [Connector[AJP/1.3-8009]]
	at org.apache.catalina.util.LifecycleBase.init(LifecycleBase.java:107)
	at org.apache.catalina.core.StandardService.initInternal(StandardService.java:560)
	at org.apache.catalina.util.LifecycleBase.init(LifecycleBase.java:102)
	at org.apache.catalina.core.StandardServer.initInternal(StandardServer.java:840)
	at org.apache.catalina.util.LifecycleBase.init(LifecycleBase.java:102)
	at org.apache.catalina.startup.Catalina.load(Catalina.java:654)
	at org.apache.catalina.startup.Catalina.load(Catalina.java:679)
	at sun.reflect.NativeMethodAccessorImpl.invoke0(Native Method)
	at sun.reflect.NativeMethodAccessorImpl.invoke(NativeMethodAccessorImpl.java:62)
	at sun.reflect.DelegatingMethodAccessorImpl.invoke(DelegatingMethodAccessorImpl.java:43)
	at java.lang.reflect.Method.invoke(Method.java:498)
	at org.apache.catalina.startup.Bootstrap.load(Bootstrap.java:253)
	at org.apache.catalina.startup.Bootstrap.main(Bootstrap.java:427)
Caused by: org.apache.catalina.LifecycleException: Protocol handler initialization failed
	at org.apache.catalina.connector.Connector.initInternal(Connector.java:980)
	at org.apache.catalina.util.LifecycleBase.init(LifecycleBase.java:102)
	... 12 more
Caused by: java.net.BindException: Address already in use (Bind failed) <null>:8009
	at org.apache.tomcat.util.net.JIoEndpoint.bind(JIoEndpoint.java:413)
	at org.apache.tomcat.util.net.AbstractEndpoint.init(AbstractEndpoint.java:728)
	at org.apache.coyote.AbstractProtocol.init(AbstractProtocol.java:452)
	at org.apache.catalina.connector.Connector.initInternal(Connector.java:978)
	... 13 more
Caused by: java.net.BindException: Address already in use (Bind failed)
	at java.net.PlainSocketImpl.socketBind(Native Method)
	at java.net.AbstractPlainSocketImpl.bind(AbstractPlainSocketImpl.java:387)
	at java.net.ServerSocket.bind(ServerSocket.java:375)
	at java.net.ServerSocket.<init>(ServerSocket.java:237)
	at java.net.ServerSocket.<init>(ServerSocket.java:181)
	at org.apache.tomcat.util.net.DefaultServerSocketFactory.createSocket(DefaultServerSocketFactory.java:49)
	at org.apache.tomcat.util.net.JIoEndpoint.bind(JIoEndpoint.java:400)
	... 16 more

Nov 17, 2018 5:23:32 AM org.apache.catalina.startup.Catalina load
INFO: Initialization processed in 1133 ms
Nov 17, 2018 5:23:32 AM org.apache.catalina.core.StandardService startInternal
INFO: Starting service Catalina
Nov 17, 2018 5:23:32 AM org.apache.catalina.core.StandardEngine startInternal
INFO: Starting Servlet Engine: Apache Tomcat/7.0.91
Nov 17, 2018 5:23:32 AM org.apache.catalina.startup.HostConfig deployDirectory
INFO: Deploying web application directory /home/sakamuri_sravanthij/java.com/apache-tomcat-7.0.91/webapps/ROOT
Nov 17, 2018 5:23:33 AM org.apache.catalina.startup.HostConfig deployDirectory
INFO: Deployment of web application directory /home/sakamuri_sravanthij/java.com/apache-tomcat-7.0.91/webapps/ROOT has finished in 718 ms
Nov 17, 2018 5:23:33 AM org.apache.catalina.startup.HostConfig deployDirectory
INFO: Deploying web application directory /home/sakamuri_sravanthij/java.com/apache-tomcat-7.0.91/webapps/docs
Nov 17, 2018 5:23:33 AM org.apache.catalina.startup.HostConfig deployDirectory
INFO: Deployment of web application directory /home/sakamuri_sravanthij/java.com/apache-tomcat-7.0.91/webapps/docs has finished in 113 ms
Nov 17, 2018 5:23:33 AM org.apache.catalina.startup.HostConfig deployDirectory
INFO: Deploying web application directory /home/sakamuri_sravanthij/java.com/apache-tomcat-7.0.91/webapps/examples
Nov 17, 2018 5:23:34 AM org.apache.catalina.startup.HostConfig deployDirectory
INFO: Deployment of web application directory /home/sakamuri_sravanthij/java.com/apache-tomcat-7.0.91/webapps/examples has finished in 449 ms
Nov 17, 2018 5:23:34 AM org.apache.catalina.startup.HostConfig deployDirectory
INFO: Deploying web application directory /home/sakamuri_sravanthij/java.com/apache-tomcat-7.0.91/webapps/host-manager
Nov 17, 2018 5:23:34 AM org.apache.catalina.startup.HostConfig deployDirectory
INFO: Deployment of web application directory /home/sakamuri_sravanthij/java.com/apache-tomcat-7.0.91/webapps/host-manager has finished in 99 ms
Nov 17, 2018 5:23:34 AM org.apache.catalina.startup.HostConfig deployDirectory
INFO: Deploying web application directory /home/sakamuri_sravanthij/java.com/apache-tomcat-7.0.91/webapps/manager
Nov 17, 2018 5:23:34 AM org.apache.catalina.startup.HostConfig deployDirectory
INFO: Deployment of web application directory /home/sakamuri_sravanthij/java.com/apache-tomcat-7.0.91/webapps/manager has finished in 98 ms
Nov 17, 2018 5:23:34 AM org.apache.catalina.startup.Catalina start
INFO: Server startup in 1589 ms
Nov 17, 2018 5:23:34 AM org.apache.catalina.core.StandardServer await
SEVERE: StandardServer.await: create[localhost:8005]: 
java.net.BindException: Address already in use (Bind failed)
	at java.net.PlainSocketImpl.socketBind(Native Method)
	at java.net.AbstractPlainSocketImpl.bind(AbstractPlainSocketImpl.java:387)
	at java.net.ServerSocket.bind(ServerSocket.java:375)
	at java.net.ServerSocket.<init>(ServerSocket.java:237)
	at org.apache.catalina.core.StandardServer.await(StandardServer.java:444)
	at org.apache.catalina.startup.Catalina.await(Catalina.java:793)
	at org.apache.catalina.startup.Catalina.start(Catalina.java:739)
	at sun.reflect.NativeMethodAccessorImpl.invoke0(Native Method)
	at sun.reflect.NativeMethodAccessorImpl.invoke(NativeMethodAccessorImpl.java:62)
	at sun.reflect.DelegatingMethodAccessorImpl.invoke(DelegatingMethodAccessorImpl.java:43)
	at java.lang.reflect.Method.invoke(Method.java:498)
	at org.apache.catalina.startup.Bootstrap.start(Bootstrap.java:294)
	at org.apache.catalina.startup.Bootstrap.main(Bootstrap.java:428)

Nov 17, 2018 5:23:34 AM org.apache.coyote.AbstractProtocol pause
INFO: Pausing ProtocolHandler ["http-bio-8080"]
Nov 17, 2018 5:23:34 AM org.apache.coyote.AbstractProtocol pause
INFO: Pausing ProtocolHandler ["ajp-bio-8009"]
Nov 17, 2018 5:23:34 AM org.apache.catalina.core.StandardService stopInternal
INFO: Stopping service Catalina
Nov 17, 2018 5:23:34 AM org.apache.coyote.AbstractProtocol stop
INFO: Stopping ProtocolHandler ["http-bio-8080"]
Nov 17, 2018 5:23:34 AM org.apache.coyote.AbstractProtocol destroy
INFO: Destroying ProtocolHandler ["http-bio-8080"]
Nov 17, 2018 5:23:34 AM org.apache.coyote.AbstractProtocol stop
INFO: Stopping ProtocolHandler ["ajp-bio-8009"]
Nov 17, 2018 5:23:34 AM org.apache.coyote.AbstractProtocol destroy
INFO: Destroying ProtocolHandler ["ajp-bio-8009"]
Nov 17, 2018 5:24:58 AM org.apache.catalina.core.StandardServer await
INFO: A valid shutdown command was received via the shutdown port. Stopping the Server instance.
Nov 17, 2018 5:24:58 AM org.apache.coyote.AbstractProtocol pause
INFO: Pausing ProtocolHandler ["http-bio-8080"]
Nov 17, 2018 5:24:58 AM org.apache.coyote.AbstractProtocol pause
INFO: Pausing ProtocolHandler ["ajp-bio-8009"]
Nov 17, 2018 5:24:58 AM org.apache.catalina.core.StandardService stopInternal
INFO: Stopping service Catalina
Nov 17, 2018 5:24:58 AM org.apache.coyote.AbstractProtocol stop
INFO: Stopping ProtocolHandler ["http-bio-8080"]
Nov 17, 2018 5:24:58 AM org.apache.coyote.AbstractProtocol stop
INFO: Stopping ProtocolHandler ["ajp-bio-8009"]
Nov 17, 2018 5:24:58 AM org.apache.coyote.AbstractProtocol destroy
INFO: Destroying ProtocolHandler ["http-bio-8080"]
Nov 17, 2018 5:24:58 AM org.apache.coyote.AbstractProtocol destroy
INFO: Destroying ProtocolHandler ["ajp-bio-8009"]
Nov 17, 2018 5:25:22 AM org.apache.catalina.startup.VersionLoggerListener log
INFO: Server version:        Apache Tomcat/7.0.91
Nov 17, 2018 5:25:22 AM org.apache.catalina.startup.VersionLoggerListener log
INFO: Server built:          Sep 13 2018 19:52:12 UTC
Nov 17, 2018 5:25:22 AM org.apache.catalina.startup.VersionLoggerListener log
INFO: Server number:         7.0.91.0
Nov 17, 2018 5:25:22 AM org.apache.catalina.startup.VersionLoggerListener log
INFO: OS Name:               Linux
Nov 17, 2018 5:25:22 AM org.apache.catalina.startup.VersionLoggerListener log
INFO: OS Version:            3.10.0-862.14.4.el7.x86_64
Nov 17, 2018 5:25:22 AM org.apache.catalina.startup.VersionLoggerListener log
INFO: Architecture:          amd64
Nov 17, 2018 5:25:22 AM org.apache.catalina.startup.VersionLoggerListener log
INFO: Java Home:             /usr/lib/jvm/java-1.8.0-openjdk-1.8.0.191.b12-0.el7_5.x86_64/jre
Nov 17, 2018 5:25:22 AM org.apache.catalina.startup.VersionLoggerListener log
INFO: JVM Version:           1.8.0_191-b12
Nov 17, 2018 5:25:22 AM org.apache.catalina.startup.VersionLoggerListener log
INFO: JVM Vendor:            Oracle Corporation
Nov 17, 2018 5:25:22 AM org.apache.catalina.startup.VersionLoggerListener log
INFO: CATALINA_BASE:         /home/sakamuri_sravanthij/java.com/apache-tomcat-7.0.91
Nov 17, 2018 5:25:22 AM org.apache.catalina.startup.VersionLoggerListener log
INFO: CATALINA_HOME:         /home/sakamuri_sravanthij/java.com/apache-tomcat-7.0.91
Nov 17, 2018 5:25:22 AM org.apache.catalina.startup.VersionLoggerListener log
INFO: Command line argument: -Djava.util.logging.config.file=/home/sakamuri_sravanthij/java.com/apache-tomcat-7.0.91/conf/logging.properties
Nov 17, 2018 5:25:22 AM org.apache.catalina.startup.VersionLoggerListener log
INFO: Command line argument: -Djava.util.logging.manager=org.apache.juli.ClassLoaderLogManager
Nov 17, 2018 5:25:22 AM org.apache.catalina.startup.VersionLoggerListener log
INFO: Command line argument: -Djdk.tls.ephemeralDHKeySize=2048
Nov 17, 2018 5:25:22 AM org.apache.catalina.startup.VersionLoggerListener log
INFO: Command line argument: -Dignore.endorsed.dirs=
Nov 17, 2018 5:25:22 AM org.apache.catalina.startup.VersionLoggerListener log
INFO: Command line argument: -Dcatalina.base=/home/sakamuri_sravanthij/java.com/apache-tomcat-7.0.91
Nov 17, 2018 5:25:22 AM org.apache.catalina.startup.VersionLoggerListener log
INFO: Command line argument: -Dcatalina.home=/home/sakamuri_sravanthij/java.com/apache-tomcat-7.0.91
Nov 17, 2018 5:25:22 AM org.apache.catalina.startup.VersionLoggerListener log
INFO: Command line argument: -Djava.io.tmpdir=/home/sakamuri_sravanthij/java.com/apache-tomcat-7.0.91/temp
Nov 17, 2018 5:25:22 AM org.apache.catalina.core.AprLifecycleListener lifecycleEvent
INFO: The APR based Apache Tomcat Native library which allows optimal performance in production environments was not found on the java.library.path: /usr/java/packages/lib/amd64:/usr/lib64:/lib64:/lib:/usr/lib
Nov 17, 2018 5:25:22 AM org.apache.coyote.AbstractProtocol init
INFO: Initializing ProtocolHandler ["http-bio-8080"]
Nov 17, 2018 5:25:22 AM org.apache.coyote.AbstractProtocol init
INFO: Initializing ProtocolHandler ["ajp-bio-8009"]
Nov 17, 2018 5:25:22 AM org.apache.catalina.startup.Catalina load
INFO: Initialization processed in 1091 ms
Nov 17, 2018 5:25:22 AM org.apache.catalina.core.StandardService startInternal
INFO: Starting service Catalina
Nov 17, 2018 5:25:22 AM org.apache.catalina.core.StandardEngine startInternal
INFO: Starting Servlet Engine: Apache Tomcat/7.0.91
Nov 17, 2018 5:25:22 AM org.apache.catalina.startup.HostConfig deployDirectory
INFO: Deploying web application directory /home/sakamuri_sravanthij/java.com/apache-tomcat-7.0.91/webapps/ROOT
Nov 17, 2018 5:25:23 AM org.apache.catalina.startup.HostConfig deployDirectory
INFO: Deployment of web application directory /home/sakamuri_sravanthij/java.com/apache-tomcat-7.0.91/webapps/ROOT has finished in 712 ms
Nov 17, 2018 5:25:23 AM org.apache.catalina.startup.HostConfig deployDirectory
INFO: Deploying web application directory /home/sakamuri_sravanthij/java.com/apache-tomcat-7.0.91/webapps/docs
Nov 17, 2018 5:25:23 AM org.apache.catalina.startup.HostConfig deployDirectory
INFO: Deployment of web application directory /home/sakamuri_sravanthij/java.com/apache-tomcat-7.0.91/webapps/docs has finished in 108 ms
Nov 17, 2018 5:25:23 AM org.apache.catalina.startup.HostConfig deployDirectory
INFO: Deploying web application directory /home/sakamuri_sravanthij/java.com/apache-tomcat-7.0.91/webapps/examples
Nov 17, 2018 5:25:23 AM org.apache.catalina.startup.HostConfig deployDirectory
INFO: Deployment of web application directory /home/sakamuri_sravanthij/java.com/apache-tomcat-7.0.91/webapps/examples has finished in 453 ms
Nov 17, 2018 5:25:23 AM org.apache.catalina.startup.HostConfig deployDirectory
INFO: Deploying web application directory /home/sakamuri_sravanthij/java.com/apache-tomcat-7.0.91/webapps/host-manager
Nov 17, 2018 5:25:23 AM org.apache.catalina.startup.HostConfig deployDirectory
INFO: Deployment of web application directory /home/sakamuri_sravanthij/java.com/apache-tomcat-7.0.91/webapps/host-manager has finished in 109 ms
Nov 17, 2018 5:25:23 AM org.apache.catalina.startup.HostConfig deployDirectory
INFO: Deploying web application directory /home/sakamuri_sravanthij/java.com/apache-tomcat-7.0.91/webapps/manager
Nov 17, 2018 5:25:23 AM org.apache.catalina.startup.HostConfig deployDirectory
INFO: Deployment of web application directory /home/sakamuri_sravanthij/java.com/apache-tomcat-7.0.91/webapps/manager has finished in 87 ms
Nov 17, 2018 5:25:23 AM org.apache.coyote.AbstractProtocol start
INFO: Starting ProtocolHandler ["http-bio-8080"]
Nov 17, 2018 5:25:24 AM org.apache.coyote.AbstractProtocol start
INFO: Starting ProtocolHandler ["ajp-bio-8009"]
Nov 17, 2018 5:25:24 AM org.apache.catalina.startup.Catalina start
INFO: Server startup in 1743 ms
Nov 17, 2018 6:22:24 AM org.apache.catalina.startup.HostConfig deployWAR
INFO: Deploying web application archive /home/sakamuri_sravanthij/java.com/apache-tomcat-7.0.91/webapps/java.com.war
Nov 17, 2018 6:22:24 AM org.apache.catalina.startup.HostConfig deployWAR
INFO: Deployment of web application archive /home/sakamuri_sravanthij/java.com/apache-tomcat-7.0.91/webapps/java.com.war has finished in 159 ms
Nov 17, 2018 6:49:37 AM org.apache.catalina.core.StandardServer await
INFO: A valid shutdown command was received via the shutdown port. Stopping the Server instance.
Nov 17, 2018 6:49:37 AM org.apache.coyote.AbstractProtocol pause
INFO: Pausing ProtocolHandler ["http-bio-8080"]
Nov 17, 2018 6:49:37 AM org.apache.coyote.AbstractProtocol pause
INFO: Pausing ProtocolHandler ["ajp-bio-8009"]
Nov 17, 2018 6:49:37 AM org.apache.catalina.core.StandardService stopInternal
INFO: Stopping service Catalina
Nov 17, 2018 6:49:37 AM org.apache.coyote.AbstractProtocol stop
INFO: Stopping ProtocolHandler ["http-bio-8080"]
Nov 17, 2018 6:49:37 AM org.apache.coyote.AbstractProtocol stop
INFO: Stopping ProtocolHandler ["ajp-bio-8009"]
Nov 17, 2018 6:49:37 AM org.apache.coyote.AbstractProtocol destroy
INFO: Destroying ProtocolHandler ["http-bio-8080"]
Nov 17, 2018 6:49:37 AM org.apache.coyote.AbstractProtocol destroy
INFO: Destroying ProtocolHandler ["ajp-bio-8009"]
Nov 17, 2018 6:49:54 AM org.apache.catalina.startup.VersionLoggerListener log
INFO: Server version:        Apache Tomcat/7.0.91
Nov 17, 2018 6:49:54 AM org.apache.catalina.startup.VersionLoggerListener log
INFO: Server built:          Sep 13 2018 19:52:12 UTC
Nov 17, 2018 6:49:54 AM org.apache.catalina.startup.VersionLoggerListener log
INFO: Server number:         7.0.91.0
Nov 17, 2018 6:49:54 AM org.apache.catalina.startup.VersionLoggerListener log
INFO: OS Name:               Linux
Nov 17, 2018 6:49:54 AM org.apache.catalina.startup.VersionLoggerListener log
INFO: OS Version:            3.10.0-862.14.4.el7.x86_64
Nov 17, 2018 6:49:54 AM org.apache.catalina.startup.VersionLoggerListener log
INFO: Architecture:          amd64
Nov 17, 2018 6:49:54 AM org.apache.catalina.startup.VersionLoggerListener log
INFO: Java Home:             /usr/lib/jvm/java-1.8.0-openjdk-1.8.0.191.b12-0.el7_5.x86_64/jre
Nov 17, 2018 6:49:54 AM org.apache.catalina.startup.VersionLoggerListener log
INFO: JVM Version:           1.8.0_191-b12
Nov 17, 2018 6:49:54 AM org.apache.catalina.startup.VersionLoggerListener log
INFO: JVM Vendor:            Oracle Corporation
Nov 17, 2018 6:49:54 AM org.apache.catalina.startup.VersionLoggerListener log
INFO: CATALINA_BASE:         /home/sakamuri_sravanthij/java.com/apache-tomcat-7.0.91
Nov 17, 2018 6:49:54 AM org.apache.catalina.startup.VersionLoggerListener log
INFO: CATALINA_HOME:         /home/sakamuri_sravanthij/java.com/apache-tomcat-7.0.91
Nov 17, 2018 6:49:54 AM org.apache.catalina.startup.VersionLoggerListener log
INFO: Command line argument: -Djava.util.logging.config.file=/home/sakamuri_sravanthij/java.com/apache-tomcat-7.0.91/conf/logging.properties
Nov 17, 2018 6:49:54 AM org.apache.catalina.startup.VersionLoggerListener log
INFO: Command line argument: -Djava.util.logging.manager=org.apache.juli.ClassLoaderLogManager
Nov 17, 2018 6:49:54 AM org.apache.catalina.startup.VersionLoggerListener log
INFO: Command line argument: -Djdk.tls.ephemeralDHKeySize=2048
Nov 17, 2018 6:49:54 AM org.apache.catalina.startup.VersionLoggerListener log
INFO: Command line argument: -Dignore.endorsed.dirs=
Nov 17, 2018 6:49:54 AM org.apache.catalina.startup.VersionLoggerListener log
INFO: Command line argument: -Dcatalina.base=/home/sakamuri_sravanthij/java.com/apache-tomcat-7.0.91
Nov 17, 2018 6:49:54 AM org.apache.catalina.startup.VersionLoggerListener log
INFO: Command line argument: -Dcatalina.home=/home/sakamuri_sravanthij/java.com/apache-tomcat-7.0.91
Nov 17, 2018 6:49:54 AM org.apache.catalina.startup.VersionLoggerListener log
INFO: Command line argument: -Djava.io.tmpdir=/home/sakamuri_sravanthij/java.com/apache-tomcat-7.0.91/temp
Nov 17, 2018 6:49:54 AM org.apache.catalina.core.AprLifecycleListener lifecycleEvent
INFO: The APR based Apache Tomcat Native library which allows optimal performance in production environments was not found on the java.library.path: /usr/java/packages/lib/amd64:/usr/lib64:/lib64:/lib:/usr/lib
Nov 17, 2018 6:49:55 AM org.apache.coyote.AbstractProtocol init
INFO: Initializing ProtocolHandler ["http-bio-8080"]
Nov 17, 2018 6:49:55 AM org.apache.coyote.AbstractProtocol init
INFO: Initializing ProtocolHandler ["ajp-bio-8009"]
Nov 17, 2018 6:49:55 AM org.apache.catalina.startup.Catalina load
INFO: Initialization processed in 1109 ms
Nov 17, 2018 6:49:55 AM org.apache.catalina.core.StandardService startInternal
INFO: Starting service Catalina
Nov 17, 2018 6:49:55 AM org.apache.catalina.core.StandardEngine startInternal
INFO: Starting Servlet Engine: Apache Tomcat/7.0.91
Nov 17, 2018 6:49:55 AM org.apache.catalina.startup.HostConfig deployWAR
INFO: Deploying web application archive /home/sakamuri_sravanthij/java.com/apache-tomcat-7.0.91/webapps/java.com.war
Nov 17, 2018 6:49:55 AM org.apache.catalina.startup.HostConfig deployWAR
INFO: Deployment of web application archive /home/sakamuri_sravanthij/java.com/apache-tomcat-7.0.91/webapps/java.com.war has finished in 812 ms
Nov 17, 2018 6:49:56 AM org.apache.catalina.startup.HostConfig deployDirectory
INFO: Deploying web application directory /home/sakamuri_sravanthij/java.com/apache-tomcat-7.0.91/webapps/ROOT
Nov 17, 2018 6:49:56 AM org.apache.catalina.startup.HostConfig deployDirectory
INFO: Deployment of web application directory /home/sakamuri_sravanthij/java.com/apache-tomcat-7.0.91/webapps/ROOT has finished in 82 ms
Nov 17, 2018 6:49:56 AM org.apache.catalina.startup.HostConfig deployDirectory
INFO: Deploying web application directory /home/sakamuri_sravanthij/java.com/apache-tomcat-7.0.91/webapps/docs
Nov 17, 2018 6:49:56 AM org.apache.catalina.startup.HostConfig deployDirectory
INFO: Deployment of web application directory /home/sakamuri_sravanthij/java.com/apache-tomcat-7.0.91/webapps/docs has finished in 95 ms
Nov 17, 2018 6:49:56 AM org.apache.catalina.startup.HostConfig deployDirectory
INFO: Deploying web application directory /home/sakamuri_sravanthij/java.com/apache-tomcat-7.0.91/webapps/examples
Nov 17, 2018 6:49:56 AM org.apache.catalina.startup.HostConfig deployDirectory
INFO: Deployment of web application directory /home/sakamuri_sravanthij/java.com/apache-tomcat-7.0.91/webapps/examples has finished in 405 ms
Nov 17, 2018 6:49:56 AM org.apache.catalina.startup.HostConfig deployDirectory
INFO: Deploying web application directory /home/sakamuri_sravanthij/java.com/apache-tomcat-7.0.91/webapps/host-manager
Nov 17, 2018 6:49:56 AM org.apache.catalina.startup.HostConfig deployDirectory
INFO: Deployment of web application directory /home/sakamuri_sravanthij/java.com/apache-tomcat-7.0.91/webapps/host-manager has finished in 89 ms
Nov 17, 2018 6:49:56 AM org.apache.catalina.startup.HostConfig deployDirectory
INFO: Deploying web application directory /home/sakamuri_sravanthij/java.com/apache-tomcat-7.0.91/webapps/manager
Nov 17, 2018 6:49:56 AM org.apache.catalina.startup.HostConfig deployDirectory
INFO: Deployment of web application directory /home/sakamuri_sravanthij/java.com/apache-tomcat-7.0.91/webapps/manager has finished in 99 ms
Nov 17, 2018 6:49:56 AM org.apache.coyote.AbstractProtocol start
INFO: Starting ProtocolHandler ["http-bio-8080"]
Nov 17, 2018 6:49:56 AM org.apache.coyote.AbstractProtocol start
INFO: Starting ProtocolHandler ["ajp-bio-8009"]
Nov 17, 2018 6:49:56 AM org.apache.catalina.startup.Catalina start
INFO: Server startup in 1852 ms
Nov 17, 2018 6:51:29 AM org.apache.catalina.startup.HostConfig undeploy
INFO: Undeploying context [/java.com]
Nov 17, 2018 7:08:19 AM org.apache.catalina.core.StandardServer await
INFO: A valid shutdown command was received via the shutdown port. Stopping the Server instance.
Nov 17, 2018 7:08:19 AM org.apache.coyote.AbstractProtocol pause
INFO: Pausing ProtocolHandler ["http-bio-8080"]
Nov 17, 2018 7:08:19 AM org.apache.coyote.AbstractProtocol pause
INFO: Pausing ProtocolHandler ["ajp-bio-8009"]
Nov 17, 2018 7:08:19 AM org.apache.catalina.core.StandardService stopInternal
INFO: Stopping service Catalina
Nov 17, 2018 7:08:19 AM org.apache.coyote.AbstractProtocol stop
INFO: Stopping ProtocolHandler ["http-bio-8080"]
Nov 17, 2018 7:08:19 AM org.apache.coyote.AbstractProtocol stop
INFO: Stopping ProtocolHandler ["ajp-bio-8009"]
Nov 17, 2018 7:08:19 AM org.apache.coyote.AbstractProtocol destroy
INFO: Destroying ProtocolHandler ["http-bio-8080"]
Nov 17, 2018 7:08:19 AM org.apache.coyote.AbstractProtocol destroy
INFO: Destroying ProtocolHandler ["ajp-bio-8009"]
Nov 17, 2018 7:08:26 AM org.apache.catalina.startup.VersionLoggerListener log
INFO: Server version:        Apache Tomcat/7.0.91
Nov 17, 2018 7:08:26 AM org.apache.catalina.startup.VersionLoggerListener log
INFO: Server built:          Sep 13 2018 19:52:12 UTC
Nov 17, 2018 7:08:26 AM org.apache.catalina.startup.VersionLoggerListener log
INFO: Server number:         7.0.91.0
Nov 17, 2018 7:08:26 AM org.apache.catalina.startup.VersionLoggerListener log
INFO: OS Name:               Linux
Nov 17, 2018 7:08:26 AM org.apache.catalina.startup.VersionLoggerListener log
INFO: OS Version:            3.10.0-862.14.4.el7.x86_64
Nov 17, 2018 7:08:26 AM org.apache.catalina.startup.VersionLoggerListener log
INFO: Architecture:          amd64
Nov 17, 2018 7:08:26 AM org.apache.catalina.startup.VersionLoggerListener log
INFO: Java Home:             /usr/lib/jvm/java-1.8.0-openjdk-1.8.0.191.b12-0.el7_5.x86_64/jre
Nov 17, 2018 7:08:26 AM org.apache.catalina.startup.VersionLoggerListener log
INFO: JVM Version:           1.8.0_191-b12
Nov 17, 2018 7:08:26 AM org.apache.catalina.startup.VersionLoggerListener log
INFO: JVM Vendor:            Oracle Corporation
Nov 17, 2018 7:08:26 AM org.apache.catalina.startup.VersionLoggerListener log
INFO: CATALINA_BASE:         /home/sakamuri_sravanthij/java.com/apache-tomcat-7.0.91
Nov 17, 2018 7:08:26 AM org.apache.catalina.startup.VersionLoggerListener log
INFO: CATALINA_HOME:         /home/sakamuri_sravanthij/java.com/apache-tomcat-7.0.91
Nov 17, 2018 7:08:26 AM org.apache.catalina.startup.VersionLoggerListener log
INFO: Command line argument: -Djava.util.logging.config.file=/home/sakamuri_sravanthij/java.com/apache-tomcat-7.0.91/conf/logging.properties
Nov 17, 2018 7:08:26 AM org.apache.catalina.startup.VersionLoggerListener log
INFO: Command line argument: -Djava.util.logging.manager=org.apache.juli.ClassLoaderLogManager
Nov 17, 2018 7:08:26 AM org.apache.catalina.startup.VersionLoggerListener log
INFO: Command line argument: -Djdk.tls.ephemeralDHKeySize=2048
Nov 17, 2018 7:08:26 AM org.apache.catalina.startup.VersionLoggerListener log
INFO: Command line argument: -Dignore.endorsed.dirs=
Nov 17, 2018 7:08:26 AM org.apache.catalina.startup.VersionLoggerListener log
INFO: Command line argument: -Dcatalina.base=/home/sakamuri_sravanthij/java.com/apache-tomcat-7.0.91
Nov 17, 2018 7:08:26 AM org.apache.catalina.startup.VersionLoggerListener log
INFO: Command line argument: -Dcatalina.home=/home/sakamuri_sravanthij/java.com/apache-tomcat-7.0.91
Nov 17, 2018 7:08:26 AM org.apache.catalina.startup.VersionLoggerListener log
INFO: Command line argument: -Djava.io.tmpdir=/home/sakamuri_sravanthij/java.com/apache-tomcat-7.0.91/temp
Nov 17, 2018 7:08:26 AM org.apache.catalina.core.AprLifecycleListener lifecycleEvent
INFO: The APR based Apache Tomcat Native library which allows optimal performance in production environments was not found on the java.library.path: /usr/java/packages/lib/amd64:/usr/lib64:/lib64:/lib:/usr/lib
Nov 17, 2018 7:08:26 AM org.apache.coyote.AbstractProtocol init
INFO: Initializing ProtocolHandler ["http-bio-8080"]
Nov 17, 2018 7:08:26 AM org.apache.coyote.AbstractProtocol init
INFO: Initializing ProtocolHandler ["ajp-bio-8009"]
Nov 17, 2018 7:08:26 AM org.apache.catalina.startup.Catalina load
INFO: Initialization processed in 1093 ms
Nov 17, 2018 7:08:26 AM org.apache.catalina.core.StandardService startInternal
INFO: Starting service Catalina
Nov 17, 2018 7:08:26 AM org.apache.catalina.core.StandardEngine startInternal
INFO: Starting Servlet Engine: Apache Tomcat/7.0.91
Nov 17, 2018 7:08:26 AM org.apache.catalina.startup.HostConfig deployDirectory
INFO: Deploying web application directory /home/sakamuri_sravanthij/java.com/apache-tomcat-7.0.91/webapps/ROOT
Nov 17, 2018 7:08:27 AM org.apache.catalina.startup.HostConfig deployDirectory
INFO: Deployment of web application directory /home/sakamuri_sravanthij/java.com/apache-tomcat-7.0.91/webapps/ROOT has finished in 666 ms
Nov 17, 2018 7:08:27 AM org.apache.catalina.startup.HostConfig deployDirectory
INFO: Deploying web application directory /home/sakamuri_sravanthij/java.com/apache-tomcat-7.0.91/webapps/docs
Nov 17, 2018 7:08:27 AM org.apache.catalina.startup.HostConfig deployDirectory
INFO: Deployment of web application directory /home/sakamuri_sravanthij/java.com/apache-tomcat-7.0.91/webapps/docs has finished in 115 ms
Nov 17, 2018 7:08:27 AM org.apache.catalina.startup.HostConfig deployDirectory
INFO: Deploying web application directory /home/sakamuri_sravanthij/java.com/apache-tomcat-7.0.91/webapps/examples
Nov 17, 2018 7:08:27 AM org.apache.catalina.startup.HostConfig deployDirectory
INFO: Deployment of web application directory /home/sakamuri_sravanthij/java.com/apache-tomcat-7.0.91/webapps/examples has finished in 435 ms
Nov 17, 2018 7:08:27 AM org.apache.catalina.startup.HostConfig deployDirectory
INFO: Deploying web application directory /home/sakamuri_sravanthij/java.com/apache-tomcat-7.0.91/webapps/host-manager
Nov 17, 2018 7:08:27 AM org.apache.catalina.startup.HostConfig deployDirectory
INFO: Deployment of web application directory /home/sakamuri_sravanthij/java.com/apache-tomcat-7.0.91/webapps/host-manager has finished in 93 ms
Nov 17, 2018 7:08:27 AM org.apache.catalina.startup.HostConfig deployDirectory
INFO: Deploying web application directory /home/sakamuri_sravanthij/java.com/apache-tomcat-7.0.91/webapps/manager
Nov 17, 2018 7:08:27 AM org.apache.catalina.startup.HostConfig deployDirectory
INFO: Deployment of web application directory /home/sakamuri_sravanthij/java.com/apache-tomcat-7.0.91/webapps/manager has finished in 254 ms
Nov 17, 2018 7:08:27 AM org.apache.coyote.AbstractProtocol start
INFO: Starting ProtocolHandler ["http-bio-8080"]
Nov 17, 2018 7:08:28 AM org.apache.coyote.AbstractProtocol start
INFO: Starting ProtocolHandler ["ajp-bio-8009"]
Nov 17, 2018 7:08:28 AM org.apache.catalina.startup.Catalina start
INFO: Server startup in 1796 ms
Nov 17, 2018 7:08:49 AM org.apache.catalina.startup.HostConfig deployWAR
INFO: Deploying web application archive /home/sakamuri_sravanthij/java.com/apache-tomcat-7.0.91/webapps/Helloworld.war
Nov 17, 2018 7:08:49 AM org.apache.catalina.startup.HostConfig deployWAR
INFO: Deployment of web application archive /home/sakamuri_sravanthij/java.com/apache-tomcat-7.0.91/webapps/Helloworld.war has finished in 138 ms
Nov 17, 2018 7:24:16 AM org.apache.coyote.AbstractProtocol pause
INFO: Pausing ProtocolHandler ["http-bio-8080"]
Nov 17, 2018 7:24:16 AM org.apache.coyote.AbstractProtocol pause
INFO: Pausing ProtocolHandler ["ajp-bio-8009"]
Nov 17, 2018 7:24:16 AM org.apache.catalina.core.StandardService stopInternal
INFO: Stopping service Catalina
Nov 17, 2018 7:24:16 AM org.apache.coyote.AbstractProtocol stop
INFO: Stopping ProtocolHandler ["http-bio-8080"]
Nov 17, 2018 7:24:16 AM org.apache.coyote.AbstractProtocol stop
INFO: Stopping ProtocolHandler ["ajp-bio-8009"]
Nov 17, 2018 7:24:16 AM org.apache.coyote.AbstractProtocol destroy
INFO: Destroying ProtocolHandler ["http-bio-8080"]
Nov 17, 2018 7:24:16 AM org.apache.coyote.AbstractProtocol destroy
INFO: Destroying ProtocolHandler ["ajp-bio-8009"]
