Nov 17, 2018 5:25:30 AM org.apache.catalina.core.ApplicationContext log
INFO: HTMLManager: init: Associated with Deployer 'Catalina:type=Deployer,host=localhost'
Nov 17, 2018 5:25:30 AM org.apache.catalina.core.ApplicationContext log
INFO: HTMLManager: init: Global resources are available
Nov 17, 2018 5:25:30 AM org.apache.catalina.core.ApplicationContext log
INFO: HTMLManager: list: Listing contexts for virtual host 'localhost'
Nov 17, 2018 6:23:38 AM org.apache.catalina.core.ApplicationContext log
INFO: HTMLManager: list: Listing contexts for virtual host 'localhost'
Nov 17, 2018 6:50:14 AM org.apache.catalina.core.ApplicationContext log
INFO: HTMLManager: init: Associated with Deployer 'Catalina:type=Deployer,host=localhost'
Nov 17, 2018 6:50:14 AM org.apache.catalina.core.ApplicationContext log
INFO: HTMLManager: init: Global resources are available
Nov 17, 2018 6:50:14 AM org.apache.catalina.core.ApplicationContext log
INFO: HTMLManager: list: Listing contexts for virtual host 'localhost'
Nov 17, 2018 6:51:20 AM org.apache.catalina.core.ApplicationContext log
INFO: HTMLManager: list: Listing contexts for virtual host 'localhost'
Nov 17, 2018 6:51:29 AM org.apache.catalina.core.ApplicationContext log
INFO: HTMLManager: undeploy: Undeploying web application at '/java.com'
Nov 17, 2018 6:51:29 AM org.apache.catalina.core.ApplicationContext log
INFO: HTMLManager: list: Listing contexts for virtual host 'localhost'
Nov 17, 2018 6:51:52 AM org.apache.catalina.core.ApplicationContext log
INFO: HTMLManager: undeploy: Undeploying web application at '/java.com'
Nov 17, 2018 6:51:52 AM org.apache.catalina.core.ApplicationContext log
INFO: HTMLManager: list: Listing contexts for virtual host 'localhost'
Nov 17, 2018 7:08:49 AM org.apache.catalina.core.ApplicationContext log
INFO: Manager: init: Associated with Deployer 'Catalina:type=Deployer,host=localhost'
Nov 17, 2018 7:08:49 AM org.apache.catalina.core.ApplicationContext log
INFO: Manager: init: Global resources are available
Nov 17, 2018 7:08:49 AM org.apache.catalina.core.ApplicationContext log
INFO: Manager: deploy: Deploying web application '/Helloworld'
Nov 17, 2018 7:08:49 AM org.apache.catalina.core.ApplicationContext log
INFO: Manager: Uploading WAR file to /home/sakamuri_sravanthij/java.com/apache-tomcat-7.0.91/webapps/Helloworld.war
Nov 17, 2018 7:09:04 AM org.apache.catalina.core.ApplicationContext log
INFO: HTMLManager: init: Associated with Deployer 'Catalina:type=Deployer,host=localhost'
Nov 17, 2018 7:09:04 AM org.apache.catalina.core.ApplicationContext log
INFO: HTMLManager: init: Global resources are available
Nov 17, 2018 7:09:04 AM org.apache.catalina.core.ApplicationContext log
INFO: HTMLManager: undeploy: Undeploying web application at '/java.com'
Nov 17, 2018 7:09:04 AM org.apache.catalina.core.ApplicationContext log
INFO: HTMLManager: list: Listing contexts for virtual host 'localhost'
