wrapper  | --> Wrapper Started as Daemon
wrapper  | Launching a JVM...
jvm 1    | OpenJDK 64-Bit Server VM warning: ignoring option MaxPermSize=192m; support was removed in 8.0
jvm 1    | Wrapper (Version 3.2.3) http://wrapper.tanukisoftware.org
jvm 1    |   Copyright 1999-2006 Tanuki Software, Inc.  All Rights Reserved.
jvm 1    | 
jvm 1    | 2018-11-17 07:15:58,863+0000 INFO  [WrapperListener_start_runner]  org.sonatype.nexus.bootstrap.jsw.JswLauncher - Starting with arguments: [./conf/jetty.xml, ./conf/jetty-requestlog.xml]
jvm 1    | 2018-11-17 07:15:58,867+0000 INFO  [WrapperListener_start_runner]  org.sonatype.nexus.bootstrap.jsw.JswLauncher - JVM ID: 1, JVM PID: 18104, Wrapper PID: 18102, User: sakamuri_sravanthij
jvm 1    | 2018-11-17 07:15:59,011+0000 INFO  [WrapperListener_start_runner]  org.sonatype.nexus.bootstrap.ConfigurationBuilder - Properties:
jvm 1    | 2018-11-17 07:15:59,011+0000 INFO  [WrapperListener_start_runner]  org.sonatype.nexus.bootstrap.ConfigurationBuilder -   application-conf='/home/sakamuri_sravanthij/java.com/tool/nexus-2.14.10-01/../sonatype-work/nexus/conf'
jvm 1    | 2018-11-17 07:15:59,011+0000 INFO  [WrapperListener_start_runner]  org.sonatype.nexus.bootstrap.ConfigurationBuilder -   application-host='0.0.0.0'
jvm 1    | 2018-11-17 07:15:59,011+0000 INFO  [WrapperListener_start_runner]  org.sonatype.nexus.bootstrap.ConfigurationBuilder -   application-port='8081'
jvm 1    | 2018-11-17 07:15:59,011+0000 INFO  [WrapperListener_start_runner]  org.sonatype.nexus.bootstrap.ConfigurationBuilder -   bundleBasedir='/home/sakamuri_sravanthij/java.com/tool/nexus-2.14.10-01'
jvm 1    | 2018-11-17 07:15:59,011+0000 INFO  [WrapperListener_start_runner]  org.sonatype.nexus.bootstrap.ConfigurationBuilder -   java.awt.headless='true'
jvm 1    | 2018-11-17 07:15:59,011+0000 INFO  [WrapperListener_start_runner]  org.sonatype.nexus.bootstrap.ConfigurationBuilder -   networkaddress.cache.ttl='3600'
jvm 1    | 2018-11-17 07:15:59,011+0000 INFO  [WrapperListener_start_runner]  org.sonatype.nexus.bootstrap.ConfigurationBuilder -   nexus-app='/home/sakamuri_sravanthij/java.com/tool/nexus-2.14.10-01/nexus/WEB-INF'
jvm 1    | 2018-11-17 07:15:59,011+0000 INFO  [WrapperListener_start_runner]  org.sonatype.nexus.bootstrap.ConfigurationBuilder -   nexus-webapp='/home/sakamuri_sravanthij/java.com/tool/nexus-2.14.10-01/nexus'
jvm 1    | 2018-11-17 07:15:59,012+0000 INFO  [WrapperListener_start_runner]  org.sonatype.nexus.bootstrap.ConfigurationBuilder -   nexus-webapp-context-path='/nexus'
jvm 1    | 2018-11-17 07:15:59,012+0000 INFO  [WrapperListener_start_runner]  org.sonatype.nexus.bootstrap.ConfigurationBuilder -   nexus-work='/home/sakamuri_sravanthij/java.com/tool/sonatype-work/nexus'
jvm 1    | 2018-11-17 07:15:59,012+0000 INFO  [WrapperListener_start_runner]  org.sonatype.nexus.bootstrap.ConfigurationBuilder -   org.eclipse.ecf.provider.filetransfer.retrieve.readTimeout='30000'
jvm 1    | 2018-11-17 07:15:59,012+0000 INFO  [WrapperListener_start_runner]  org.sonatype.nexus.bootstrap.ConfigurationBuilder -   runtime='/home/sakamuri_sravanthij/java.com/tool/nexus-2.14.10-01/nexus/WEB-INF'
jvm 1    | 2018-11-17 07:15:59,012+0000 INFO  [WrapperListener_start_runner]  org.sonatype.nexus.bootstrap.ConfigurationBuilder -   security-xml-file='/home/sakamuri_sravanthij/java.com/tool/nexus-2.14.10-01/../sonatype-work/nexus/conf/security.xml'
jvm 1    | 2018-11-17 07:15:59,012+0000 INFO  [WrapperListener_start_runner]  org.sonatype.nexus.bootstrap.ConfigurationBuilder -   storage.diskCache.bufferSize='4096'
jvm 1    | 2018-11-17 07:15:59,012+0000 INFO  [WrapperListener_start_runner]  org.sonatype.nexus.bootstrap.Launcher - Java: 1.8.0_191, OpenJDK 64-Bit Server VM, Oracle Corporation, 25.191-b12
jvm 1    | 2018-11-17 07:15:59,012+0000 INFO  [WrapperListener_start_runner]  org.sonatype.nexus.bootstrap.Launcher - OS: Linux, 3.10.0-862.14.4.el7.x86_64, amd64
jvm 1    | 2018-11-17 07:15:59,013+0000 INFO  [WrapperListener_start_runner]  org.sonatype.nexus.bootstrap.Launcher - User: sakamuri_sravanthij, en, /home/sakamuri_sravanthij
jvm 1    | 2018-11-17 07:15:59,015+0000 INFO  [WrapperListener_start_runner]  org.sonatype.nexus.bootstrap.Launcher - CWD: /home/sakamuri_sravanthij/java.com/tool/nexus-2.14.10-01
jvm 1    | 2018-11-17 07:15:59,032+0000 INFO  [WrapperListener_start_runner]  org.sonatype.nexus.bootstrap.Launcher - TMP: /home/sakamuri_sravanthij/java.com/tool/nexus-2.14.10-01/tmp
jvm 1    | 2018-11-17 07:15:59,038+0000 INFO  [WrapperListener_start_runner]  org.sonatype.nexus.bootstrap.jetty.JettyServer - Starting
jvm 1    | 2018-11-17 07:15:59,047+0000 INFO  [WrapperListener_start_runner]  org.sonatype.nexus.bootstrap.jetty.JettyServer - Applying configuration: file:/home/sakamuri_sravanthij/java.com/tool/nexus-2.14.10-01/conf/jetty.xml
jvm 1    | 2018-11-17 07:15:59,443+0000 INFO  [WrapperListener_start_runner]  org.sonatype.nexus.bootstrap.jetty.JettyServer - Applying configuration: file:/home/sakamuri_sravanthij/java.com/tool/nexus-2.14.10-01/conf/jetty-requestlog.xml
jvm 1    | 2018-11-17 07:15:59,471+0000 INFO  [jetty-main-1]  org.sonatype.nexus.bootstrap.jetty.JettyServer - Starting: org.eclipse.jetty.server.Server@3c603c36
jvm 1    | 2018-11-17 07:15:59,474+0000 INFO  [jetty-main-1]  org.eclipse.jetty.server.Server - jetty-8.1.16.v20140903
jvm 1    | 2018-11-17 07:16:00,465+0000 INFO  [jetty-main-1]  org.sonatype.nexus.webapp.WebappBootstrap - Initializing
jvm 1    | 2018-11-17 07:16:00,465+0000 INFO  [jetty-main-1]  org.sonatype.nexus.webapp.WebappBootstrap - Using bootstrap launcher configuration
jvm 1    | 2018-11-17 07:16:01,895+0000 INFO  [jetty-main-1]  org.sonatype.nexus.webapp.metrics.MetricsModule - Metrics support configured
jvm 1    | 2018-11-17 07:16:04,590+0000 INFO  [jetty-main-1]  org.sonatype.sisu.goodies.eventbus.internal.DefaultEventBus - Using Reentrant Guava EventBus
jvm 1    | 2018-11-17 07:16:04,777+0000 WARN  [jetty-main-1]  org.sonatype.security.configuration.source.FileSecurityConfigurationSource - No configuration file in place, copying the default one and continuing with it.
jvm 1    | 2018-11-17 07:16:04,818+0000 INFO  [jetty-main-1]  org.sonatype.security.configuration.source.FileSecurityConfigurationSource - Loading Security configuration from /home/sakamuri_sravanthij/java.com/tool/nexus-2.14.10-01/../sonatype-work/nexus/conf/security-configuration.xml
jvm 1    | 2018-11-17 07:16:04,869+0000 INFO  [jetty-main-1]  org.sonatype.sisu.ehcache.CacheManagerComponentImpl - Loading configuration from: file:/home/sakamuri_sravanthij/java.com/tool/nexus-2.14.10-01/nexus/WEB-INF/classes/ehcache.xml
jvm 1    | 2018-11-17 07:16:05,131+0000 INFO  [jetty-main-1]  com.thoughtworks.xstream.XStream - Version: 1.4.6-SONATYPE-03, white-list support available
jvm 1    | 2018-11-17 07:16:05,327+0000 INFO  [jetty-main-1]  org.sonatype.nexus.proxy.registry.DefaultRepositoryTypeRegistry - Registered default repository types.
jvm 1    | 2018-11-17 07:16:05,563+0000 INFO  [jetty-main-1]  org.sonatype.nexus.events.EventSubscriberHost - Initialized
jvm 1    | 2018-11-17 07:16:05,567+0000 INFO  [jetty-main-1]  org.sonatype.nexus.NxApplication - 
jvm 1    | -------------------------------------------------
jvm 1    | 
jvm 1    | Initializing Nexus Repository Manager OSS 2.14.10-01
jvm 1    | 
jvm 1    | -------------------------------------------------
jvm 1    | 2018-11-17 07:16:05,567+0000 INFO  [jetty-main-1]  org.sonatype.nexus.NxApplication - Activating locally installed plugins...
jvm 1    | 2018-11-17 07:16:08,091+0000 INFO  [jetty-main-1]  org.sonatype.nexus.plugins.bcprov.CryptoPlugin - Unlimited strength JCE policy detected
jvm 1    | 2018-11-17 07:16:09,862+0000 INFO  [jetty-main-1]  com.sun.jersey.server.impl.application.WebApplicationImpl - Initiating Jersey application, version 'Jersey: 1.17.1 02/28/2013 12:47 PM'
jvm 1    | 2018-11-17 07:16:11,952+0000 INFO  [jetty-main-1]  org.sonatype.nexus.kazuki.KazukiPlugin - Kazuki version: 0.1.8
jvm 1    | 2018-11-17 07:16:14,510+0000 INFO  [jetty-main-1]  org.sonatype.nexus.proxy.registry.DefaultRepositoryTypeRegistry - Registered Repository type RepositoryType=(org.sonatype.nexus.proxy.repository.GroupRepository:nuget-group).
jvm 1    | 2018-11-17 07:16:14,511+0000 INFO  [jetty-main-1]  org.sonatype.nexus.proxy.registry.DefaultRepositoryTypeRegistry - Registered Repository type RepositoryType=(org.sonatype.nexus.proxy.repository.ShadowRepository:nuget-shadow).
jvm 1    | 2018-11-17 07:16:14,511+0000 INFO  [jetty-main-1]  org.sonatype.nexus.proxy.registry.DefaultRepositoryTypeRegistry - Registered Repository type RepositoryType=(org.sonatype.nexus.proxy.repository.Repository:nuget-proxy).
jvm 1    | 2018-11-17 07:16:16,723+0000 INFO  [jetty-main-1]  org.sonatype.nexus.proxy.registry.DefaultRepositoryTypeRegistry - Registered Repository type RepositoryType=(org.sonatype.nexus.proxy.repository.GroupRepository:npm-group).
jvm 1    | 2018-11-17 07:16:16,724+0000 INFO  [jetty-main-1]  org.sonatype.nexus.proxy.registry.DefaultRepositoryTypeRegistry - Registered Repository type RepositoryType=(org.sonatype.nexus.proxy.repository.Repository:npm-hosted).
jvm 1    | 2018-11-17 07:16:16,724+0000 INFO  [jetty-main-1]  org.sonatype.nexus.proxy.registry.DefaultRepositoryTypeRegistry - Registered Repository type RepositoryType=(org.sonatype.nexus.proxy.repository.Repository:npm-proxy).
jvm 1    | 2018-11-17 07:16:17,852+0000 INFO  [jetty-main-1]  org.sonatype.nexus.proxy.registry.DefaultRepositoryTypeRegistry - Registered Repository type RepositoryType=(org.sonatype.nexus.proxy.repository.WebSiteRepository:site).
jvm 1    | 2018-11-17 07:16:18,697+0000 INFO  [jetty-main-1]  org.sonatype.nexus.proxy.registry.DefaultRepositoryTypeRegistry - Registered Repository type RepositoryType=(org.sonatype.nexus.proxy.repository.GroupRepository:rubygems-group).
jvm 1    | 2018-11-17 07:16:18,697+0000 INFO  [jetty-main-1]  org.sonatype.nexus.proxy.registry.DefaultRepositoryTypeRegistry - Registered Repository type RepositoryType=(org.sonatype.nexus.proxy.repository.Repository:rubygems-hosted).
jvm 1    | 2018-11-17 07:16:18,697+0000 INFO  [jetty-main-1]  org.sonatype.nexus.proxy.registry.DefaultRepositoryTypeRegistry - Registered Repository type RepositoryType=(org.sonatype.nexus.proxy.repository.Repository:rubygems-proxy).
jvm 1    | 2018-11-17 07:16:21,641+0000 INFO  [jetty-main-1]  org.sonatype.nexus.NxApplication - Plugin manager request "ACTIVATE" on plugin "com.sonatype.nexus.plugins:nexus-analytics-plugin:2.14.10-01" was successful.
jvm 1    | 2018-11-17 07:16:21,641+0000 INFO  [jetty-main-1]  org.sonatype.nexus.NxApplication - Plugin manager request "ACTIVATE" on plugin "org.sonatype.nexus.plugins:nexus-content-plugin:2.14.10-01" was successful.
jvm 1    | 2018-11-17 07:16:21,641+0000 INFO  [jetty-main-1]  org.sonatype.nexus.NxApplication - Plugin manager request "ACTIVATE" on plugin "org.sonatype.nexus.plugins:nexus-lvo-plugin:2.14.10-01" was successful.
jvm 1    | 2018-11-17 07:16:21,641+0000 INFO  [jetty-main-1]  org.sonatype.nexus.NxApplication - Plugin manager request "ACTIVATE" on plugin "com.sonatype.nexus.plugins:nexus-nuget-plugin:2.14.10-01" was successful.
jvm 1    | 2018-11-17 07:16:21,641+0000 INFO  [jetty-main-1]  org.sonatype.nexus.NxApplication - Plugin manager request "ACTIVATE" on plugin "org.sonatype.nexus.plugins:nexus-yum-repository-plugin:2.14.10-01" was successful.
jvm 1    | 2018-11-17 07:16:21,642+0000 INFO  [jetty-main-1]  org.sonatype.nexus.NxApplication - Plugin manager request "ACTIVATE" on plugin "org.sonatype.nexus.plugins:nexus-ldap-realm-plugin:2.14.10-01" was successful.
jvm 1    | 2018-11-17 07:16:21,642+0000 INFO  [jetty-main-1]  org.sonatype.nexus.NxApplication - Plugin manager request "ACTIVATE" on plugin "org.sonatype.nexus.plugins:nexus-restlet1x-plugin:2.14.10-01" was successful.
jvm 1    | 2018-11-17 07:16:21,642+0000 INFO  [jetty-main-1]  org.sonatype.nexus.NxApplication - Plugin manager request "ACTIVATE" on plugin "org.sonatype.nexus.plugins:nexus-wonderland-plugin:2.14.10-01" was successful.
jvm 1    | 2018-11-17 07:16:21,642+0000 INFO  [jetty-main-1]  org.sonatype.nexus.NxApplication - Plugin manager request "ACTIVATE" on plugin "org.sonatype.nexus.plugins:nexus-atlas-plugin:2.14.10-01" was successful.
jvm 1    | 2018-11-17 07:16:21,642+0000 INFO  [jetty-main-1]  org.sonatype.nexus.NxApplication - Plugin manager request "ACTIVATE" on plugin "org.sonatype.nexus.plugins:nexus-npm-repository-plugin:2.14.10-01" was successful.
jvm 1    | 2018-11-17 07:16:21,642+0000 INFO  [jetty-main-1]  org.sonatype.nexus.NxApplication - Plugin manager request "ACTIVATE" on plugin "org.sonatype.nexus.plugins:nexus-crypto-plugin:2.14.10-01" was successful.
jvm 1    | 2018-11-17 07:16:21,642+0000 INFO  [jetty-main-1]  org.sonatype.nexus.NxApplication - Plugin manager request "ACTIVATE" on plugin "org.sonatype.nexus.plugins:nexus-ui-extjs3-plugin:2.14.10-01" was successful.
jvm 1    | 2018-11-17 07:16:21,642+0000 INFO  [jetty-main-1]  org.sonatype.nexus.NxApplication - Plugin manager request "ACTIVATE" on plugin "org.sonatype.nexus.plugins:nexus-plugin-console-plugin:2.14.10-01" was successful.
jvm 1    | 2018-11-17 07:16:21,642+0000 INFO  [jetty-main-1]  org.sonatype.nexus.NxApplication - Plugin manager request "ACTIVATE" on plugin "org.sonatype.nexus.plugins:nexus-webresources-plugin:2.14.10-01" was successful.
jvm 1    | 2018-11-17 07:16:21,642+0000 INFO  [jetty-main-1]  org.sonatype.nexus.NxApplication - Plugin manager request "ACTIVATE" on plugin "org.sonatype.nexus.plugins:nexus-siesta-plugin:2.14.10-01" was successful.
jvm 1    | 2018-11-17 07:16:21,642+0000 INFO  [jetty-main-1]  org.sonatype.nexus.NxApplication - Plugin manager request "ACTIVATE" on plugin "com.sonatype.nexus.plugins:nexus-iq-repository-oss-plugin:2.14.10-01" was successful.
jvm 1    | 2018-11-17 07:16:21,655+0000 INFO  [jetty-main-1]  org.sonatype.nexus.NxApplication - Plugin manager request "ACTIVATE" on plugin "org.sonatype.nexus.plugins:nexus-site-repository-plugin:2.14.10-01" was successful.
jvm 1    | 2018-11-17 07:16:21,656+0000 INFO  [jetty-main-1]  org.sonatype.nexus.NxApplication - Plugin manager request "ACTIVATE" on plugin "org.sonatype.nexus.plugins:nexus-timeline-plugin:2.14.10-01" was successful.
jvm 1    | 2018-11-17 07:16:21,656+0000 INFO  [jetty-main-1]  org.sonatype.nexus.NxApplication - Plugin manager request "ACTIVATE" on plugin "org.sonatype.nexus.plugins:nexus-orient-plugin:2.14.10-01" was successful.
jvm 1    | 2018-11-17 07:16:21,656+0000 INFO  [jetty-main-1]  org.sonatype.nexus.NxApplication - Plugin manager request "ACTIVATE" on plugin "org.sonatype.nexus.plugins:nexus-kazuki-plugin:2.14.10-01" was successful.
jvm 1    | 2018-11-17 07:16:21,656+0000 INFO  [jetty-main-1]  org.sonatype.nexus.NxApplication - Plugin manager request "ACTIVATE" on plugin "com.sonatype.nexus.plugins:nexus-outreach-plugin:2.14.10-01" was successful.
jvm 1    | 2018-11-17 07:16:21,656+0000 INFO  [jetty-main-1]  org.sonatype.nexus.NxApplication - Plugin manager request "ACTIVATE" on plugin "org.sonatype.nexus.plugins:nexus-ruby-plugin:2.14.10-01" was successful.
jvm 1    | 2018-11-17 07:16:21,656+0000 INFO  [jetty-main-1]  org.sonatype.nexus.NxApplication - Plugin manager request "ACTIVATE" on plugin "org.sonatype.nexus.plugins:nexus-indexer-lucene-plugin:2.14.10-01" was successful.
jvm 1    | 2018-11-17 07:16:21,656+0000 INFO  [jetty-main-1]  org.sonatype.nexus.NxApplication - Plugin manager request "ACTIVATE" on plugin "org.sonatype.nexus.plugins:nexus-logging-plugin:2.14.10-01" was successful.
jvm 1    | 2018-11-17 07:16:21,656+0000 INFO  [jetty-main-1]  org.sonatype.nexus.NxApplication - Plugin manager request "ACTIVATE" on plugin "org.sonatype.nexus.plugins:nexus-capabilities-plugin:2.14.10-01" was successful.
jvm 1    | 2018-11-17 07:16:21,656+0000 INFO  [jetty-main-1]  org.sonatype.nexus.NxApplication - Plugin manager request "ACTIVATE" on plugin "org.sonatype.nexus.plugins:nexus-archetype-plugin:2.14.10-01" was successful.
jvm 1    | 2018-11-17 07:16:21,656+0000 INFO  [jetty-main-1]  org.sonatype.nexus.NxApplication - Plugin manager request "ACTIVATE" on plugin "org.sonatype.nexus.plugins:nexus-maven-bridge-plugin:2.14.10-01" was successful.
jvm 1    | 2018-11-17 07:16:21,656+0000 INFO  [jetty-main-1]  org.sonatype.nexus.NxApplication - Plugin manager request "ACTIVATE" on plugin "org.sonatype.nexus.plugins:nexus-h2-plugin:2.14.10-01" was successful.
jvm 1    | 2018-11-17 07:16:21,656+0000 INFO  [jetty-main-1]  org.sonatype.nexus.NxApplication - Plugin manager request "ACTIVATE" on plugin "org.sonatype.nexus.plugins:nexus-rutauth-plugin:2.14.10-01" was successful.
jvm 1    | 2018-11-17 07:16:21,656+0000 INFO  [jetty-main-1]  org.sonatype.nexus.NxApplication - Plugin manager request "ACTIVATE" on plugin "org.sonatype.nexus.plugins:nexus-groovy-plugin:2.14.10-01" was successful.
jvm 1    | 2018-11-17 07:16:21,656+0000 INFO  [jetty-main-1]  org.sonatype.nexus.NxApplication - Plugin manager request "ACTIVATE" on plugin "com.sonatype.nexus.plugins:nexus-migrationagent-plugin:2.14.10-01" was successful.
jvm 1    | 2018-11-17 07:16:21,656+0000 INFO  [jetty-main-1]  org.sonatype.nexus.NxApplication - Plugin manager request "ACTIVATE" on plugin "org.sonatype.nexus.plugins:nexus-rrb-plugin:2.14.10-01" was successful.
jvm 1    | 2018-11-17 07:16:21,656+0000 INFO  [jetty-main-1]  org.sonatype.nexus.events.EventSubscriberHost - Starting
jvm 1    | 2018-11-17 07:16:22,413+0000 INFO  [jetty-main-1]  org.sonatype.nexus.timeline.DefaultNexusTimeline - Initializing Nexus Timeline...
jvm 1    | 2018-11-17 07:16:22,414+0000 INFO  [jetty-main-1]  org.sonatype.nexus.timeline.DefaultNexusTimeline - Starting Nexus Timeline...
jvm 1    | 2018-11-17 07:16:22,684+0000 INFO  [jetty-main-1]  org.sonatype.timeline.internal.DefaultTimeline - Started Timeline...
jvm 1    | 2018-11-17 07:16:22,927+0000 INFO  [jetty-main-1]  org.sonatype.nexus.apachehttpclient.Hc4ProviderImpl - Started (connectionPoolMaxSize 200, connectionPoolSize 20, connectionPoolIdleTime 30000 ms, connectionPoolTimeout 30000 ms, keepAliveMaxDuration 30000 ms)
jvm 1    | 2018-11-17 07:16:23,530+0000 INFO  [jetty-main-1]  org.sonatype.nexus.orient.DatabaseServerImpl - OrientDB version: 2.1.14
jvm 1    | 2018-11-17 07:16:23,569+0000 INFO  [jetty-main-1]  com.orientechnologies.orient.server.OServer - OrientDB Server v2.1.14 is starting up...
jvm 1    | 2018-11-17 07:16:23,574+0000 INFO  [jetty-main-1]  com.orientechnologies.orient.server.OServer - Databases directory: /home/sakamuri_sravanthij/java.com/tool/sonatype-work/nexus/db
jvm 1    | 2018-11-17 07:16:23,594+0000 INFO  [jetty-main-1]  com.orientechnologies.orient.server.handler.OJMXPlugin - JMX plugin installed and active: profilerManaged=true
jvm 1    | 2018-11-17 07:16:23,595+0000 INFO  [jetty-main-1]  com.orientechnologies.orient.server.OServer - OrientDB Server v2.1.14 is active.
jvm 1    | 2018-11-17 07:16:23,596+0000 INFO  [jetty-main-1]  org.sonatype.nexus.orient.DatabaseServerImpl - Activated
jvm 1    | 2018-11-17 07:16:23,596+0000 INFO  [jetty-main-1]  org.sonatype.nexus.configuration.application.DefaultNexusConfiguration - Loading Nexus Configuration...
jvm 1    | 2018-11-17 07:16:23,619+0000 INFO  [jetty-main-1]  org.sonatype.nexus.configuration.source.StaticConfigurationSource - Configuration loaded successfully.
jvm 1    | 2018-11-17 07:16:23,619+0000 WARN  [jetty-main-1]  org.sonatype.nexus.configuration.source.FileConfigurationSource - No configuration file in place, copying the default one and continuing with it.
jvm 1    | 2018-11-17 07:16:23,850+0000 INFO  [jetty-main-1]  org.sonatype.nexus.configuration.source.FileConfigurationSource - Configuration loaded successfully.
jvm 1    | 2018-11-17 07:16:23,922+0000 INFO  [jetty-main-1]  org.sonatype.nexus.configuration.source.FileConfigurationSource - Nexus configuration validated successfully.
jvm 1    | 2018-11-17 07:16:24,002+0000 INFO  [jetty-main-1]  org.sonatype.nexus.configuration.application.DefaultNexusConfiguration - Applying Nexus Configuration...
jvm 1    | 2018-11-17 07:16:24,017+0000 INFO  [jetty-main-1]  org.sonatype.security.configuration.source.FileSecurityConfigurationSource - Loading Security configuration from /home/sakamuri_sravanthij/java.com/tool/nexus-2.14.10-01/../sonatype-work/nexus/conf/security-configuration.xml
jvm 1    | 2018-11-17 07:16:24,023+0000 INFO  [jetty-main-1]  org.apache.shiro.cache.ehcache.EhCacheManager - Cache with name 'XmlAuthenticatingRealm.authorizationCache' does not yet exist.  Creating now.
jvm 1    | 2018-11-17 07:16:24,024+0000 INFO  [jetty-main-1]  org.apache.shiro.cache.ehcache.EhCacheManager - Added EhCache named [XmlAuthenticatingRealm.authorizationCache]
jvm 1    | 2018-11-17 07:16:24,025+0000 INFO  [jetty-main-1]  org.apache.shiro.cache.ehcache.EhCacheManager - Cache with name 'XmlAuthorizingRealm.authorizationCache' does not yet exist.  Creating now.
jvm 1    | 2018-11-17 07:16:24,051+0000 INFO  [jetty-main-1]  org.apache.shiro.cache.ehcache.EhCacheManager - Added EhCache named [XmlAuthorizingRealm.authorizationCache]
jvm 1    | 2018-11-17 07:16:24,090+0000 INFO  [jetty-main-1]  org.sonatype.nexus.proxy.attributes.DefaultLSAttributeStorage - Default FS AttributeStorage in place, using JacksonJSON marshaller. 
jvm 1    | 2018-11-17 07:16:24,737+0000 INFO  [jetty-main-1]  org.sonatype.nexus.proxy.registry.DefaultRepositoryRegistry - Added repository "Central" [id=central][contentClass=Maven2][mainFacet=org.sonatype.nexus.proxy.maven.MavenProxyRepository]
jvm 1    | 2018-11-17 07:16:24,870+0000 INFO  [jetty-main-1]  org.sonatype.nexus.proxy.registry.DefaultRepositoryRegistry - Added repository "Apache Snapshots" [id=apache-snapshots][contentClass=Maven2][mainFacet=org.sonatype.nexus.proxy.maven.MavenProxyRepository]
jvm 1    | 2018-11-17 07:16:25,001+0000 INFO  [jetty-main-1]  org.sonatype.nexus.proxy.registry.DefaultRepositoryRegistry - Added repository "Releases" [id=releases][contentClass=Maven2][mainFacet=org.sonatype.nexus.proxy.maven.MavenHostedRepository]
jvm 1    | 2018-11-17 07:16:25,131+0000 INFO  [jetty-main-1]  org.sonatype.nexus.proxy.registry.DefaultRepositoryRegistry - Added repository "Snapshots" [id=snapshots][contentClass=Maven2][mainFacet=org.sonatype.nexus.proxy.maven.MavenHostedRepository]
jvm 1    | 2018-11-17 07:16:25,248+0000 INFO  [jetty-main-1]  org.sonatype.nexus.proxy.registry.DefaultRepositoryRegistry - Added repository "3rd party" [id=thirdparty][contentClass=Maven2][mainFacet=org.sonatype.nexus.proxy.maven.MavenHostedRepository]
jvm 1    | 2018-11-17 07:16:25,270+0000 INFO  [jetty-main-1]  org.sonatype.nexus.proxy.registry.DefaultRepositoryRegistry - Added repository "Central M1 shadow" [id=central-m1][contentClass=Maven1][mainFacet=org.sonatype.nexus.proxy.maven.MavenShadowRepository]
jvm 1    | 2018-11-17 07:16:25,336+0000 INFO  [jetty-main-1]  org.sonatype.nexus.proxy.registry.DefaultRepositoryRegistry - Added repository "Public Repositories" [id=public][contentClass=Maven2][mainFacet=org.sonatype.nexus.proxy.repository.GroupRepository]
jvm 1    | 2018-11-17 07:16:25,337+0000 INFO  [jetty-main-1]  org.sonatype.scheduling.DefaultScheduler - Initializing Scheduler...
jvm 1    | 2018-11-17 07:16:25,337+0000 INFO  [jetty-main-1]  org.sonatype.nexus.scheduling.internal.DefaultTaskConfigManager - 0 task(s) to load.
jvm 1    | 2018-11-17 07:16:25,350+0000 INFO  [jetty-main-1]  org.sonatype.nexus.NxApplication - This is 1st start of new Nexus instance.
jvm 1    | 2018-11-17 07:16:25,351+0000 INFO  [jetty-main-1]  org.sonatype.nexus.NxApplication - Nexus Work Directory : /home/sakamuri_sravanthij/java.com/tool/sonatype-work/nexus
jvm 1    | 2018-11-17 07:16:25,351+0000 INFO  [jetty-main-1]  org.sonatype.nexus.NxApplication - Started Nexus Repository Manager OSS 2.14.10-01
jvm 1    | 2018-11-17 07:16:26,383+0000 INFO  [ar-7-thread-1] *TASK org.sonatype.nexus.proxy.maven.routing.internal.ManagerImpl - Updated and published prefix file of "Releases" [id=releases]
jvm 1    | 2018-11-17 07:16:26,419+0000 INFO  [ar-7-thread-4] *TASK org.sonatype.nexus.proxy.maven.routing.internal.ManagerImpl - Updated and published prefix file of "3rd party" [id=thirdparty]
jvm 1    | 2018-11-17 07:16:26,358+0000 INFO  [ar-7-thread-2] *TASK org.sonatype.nexus.proxy.maven.routing.internal.ManagerImpl - Updated and published prefix file of "Snapshots" [id=snapshots]
jvm 1    | 2018-11-17 07:16:27,259+0000 INFO  [jetty-main-1]  com.sonatype.nexus.plugins.nuget.odata.NugetODataGalleryMigrator - Starting Nuget DB migration.
jvm 1    | 2018-11-17 07:16:27,261+0000 INFO  [jetty-main-1]  com.sonatype.nexus.plugins.nuget.odata.NugetODataGalleryMigrator - Starting Nuget DB migration to version 1
jvm 1    | 2018-11-17 07:16:27,278+0000 INFO  [jetty-main-1]  com.sonatype.nexus.plugins.nuget.odata.NugetODataGalleryMigrator - Completed Nuget DB migration to version 1
jvm 1    | 2018-11-17 07:16:27,280+0000 INFO  [jetty-main-1]  com.sonatype.nexus.plugins.nuget.odata.NugetODataGalleryMigrator - Starting Nuget DB migration to version 2
jvm 1    | 2018-11-17 07:16:27,281+0000 INFO  [jetty-main-1]  com.sonatype.nexus.plugins.nuget.odata.NugetODataGalleryMigrator - Completed Nuget DB migration to version 2
jvm 1    | 2018-11-17 07:16:27,282+0000 INFO  [jetty-main-1]  com.sonatype.nexus.plugins.nuget.odata.NugetODataGalleryMigrator - Starting Nuget DB migration to version 3
jvm 1    | 2018-11-17 07:16:27,282+0000 INFO  [jetty-main-1]  com.sonatype.nexus.plugins.nuget.odata.NugetODataGalleryMigrator - Completed Nuget DB migration to version 3
jvm 1    | 2018-11-17 07:16:27,283+0000 INFO  [jetty-main-1]  com.sonatype.nexus.plugins.nuget.odata.NugetODataGalleryMigrator - Starting Nuget DB migration to version 4
jvm 1    | 2018-11-17 07:16:27,286+0000 INFO  [jetty-main-1]  com.sonatype.nexus.plugins.nuget.odata.NugetODataGalleryMigrator - Completed Nuget DB migration to version 4
jvm 1    | 2018-11-17 07:16:27,339+0000 INFO  [jetty-main-1]  com.sonatype.nexus.plugins.nuget.odata.NugetODataGalleryMigrator - Starting Nuget DB migration to version 5
jvm 1    | 2018-11-17 07:16:27,341+0000 INFO  [jetty-main-1]  com.sonatype.nexus.plugins.nuget.odata.NugetODataGalleryMigrator - Completed Nuget DB migration to version 5
jvm 1    | 2018-11-17 07:16:27,342+0000 INFO  [jetty-main-1]  com.sonatype.nexus.plugins.nuget.odata.NugetODataGalleryMigrator - Starting Nuget DB migration to version 6
jvm 1    | 2018-11-17 07:16:27,344+0000 INFO  [jetty-main-1]  com.sonatype.nexus.plugins.nuget.odata.NugetODataGalleryMigrator - Completed Nuget DB migration to version 6
jvm 1    | 2018-11-17 07:16:27,345+0000 INFO  [jetty-main-1]  com.sonatype.nexus.plugins.nuget.odata.NugetODataGalleryMigrator - Starting Nuget DB migration to version 7
jvm 1    | 2018-11-17 07:16:27,346+0000 INFO  [jetty-main-1]  com.sonatype.nexus.plugins.nuget.odata.NugetODataGalleryMigrator - Completed Nuget DB migration to version 7
jvm 1    | 2018-11-17 07:16:27,347+0000 INFO  [jetty-main-1]  com.sonatype.nexus.plugins.nuget.odata.NugetODataGalleryMigrator - Starting Nuget DB migration to version 8
jvm 1    | 2018-11-17 07:16:27,348+0000 INFO  [jetty-main-1]  com.sonatype.nexus.plugins.nuget.odata.NugetODataGalleryMigrator - Completed Nuget DB migration to version 8
jvm 1    | 2018-11-17 07:16:27,371+0000 INFO  [ar-7-thread-5] *TASK org.sonatype.nexus.proxy.storage.remote.httpclient.HttpClientRemoteStorage - Initializing remote transport for proxy repository "Apache Snapshots" [id=apache-snapshots]...
jvm 1    | 2018-11-17 07:16:27,383+0000 INFO  [jetty-main-1]  com.sonatype.nexus.plugins.nuget.odata.NugetODataGalleryMigrator - Starting Nuget DB migration to version 9
jvm 1    | 2018-11-17 07:16:27,384+0000 INFO  [jetty-main-1]  com.sonatype.nexus.plugins.nuget.odata.NugetODataGalleryMigrator - Completed Nuget DB migration to version 9
jvm 1    | 2018-11-17 07:16:27,385+0000 INFO  [jetty-main-1]  com.sonatype.nexus.plugins.nuget.odata.NugetODataGalleryMigrator - Completed Nuget DB migration.
jvm 1    | 2018-11-17 07:16:27,388+0000 INFO  [jetty-main-1]  org.sonatype.nexus.proxy.targets.DefaultTargetRegistryEventInspector - Adding default target for site content class
jvm 1    | 2018-11-17 07:16:27,389+0000 INFO  [jetty-main-1]  org.sonatype.nexus.proxy.targets.DefaultTargetRegistryEventInspector - Adding default target for npm content class
jvm 1    | 2018-11-17 07:16:27,389+0000 INFO  [jetty-main-1]  org.sonatype.nexus.proxy.targets.DefaultTargetRegistryEventInspector - Adding default target for nuget content class
jvm 1    | 2018-11-17 07:16:27,389+0000 INFO  [jetty-main-1]  org.sonatype.nexus.proxy.targets.DefaultTargetRegistryEventInspector - Adding default target for rubygems content class
jvm 1    | 2018-11-17 07:16:27,391+0000 INFO  [jetty-main-1]  org.sonatype.nexus.configuration.application.DefaultNexusConfiguration - Applying Nexus Configuration due to changes in [Repository Target Registry]...
jvm 1    | 2018-11-17 07:16:27,457+0000 INFO  [jetty-main-1]  org.sonatype.nexus.webapp.WebappBootstrap - Initialized
jvm 1    | 2018-11-17 07:16:27,474+0000 INFO  [ar-7-thread-3] *TASK org.sonatype.nexus.proxy.storage.remote.httpclient.HttpClientRemoteStorage - Initializing remote transport for proxy repository "Central" [id=central]...
jvm 1    | 2018-11-17 07:16:28,010+0000 INFO  [jetty-main-1]  org.sonatype.nexus.rest.NexusApplication_UriMatching - Strict URI matching: true
jvm 1    | 2018-11-17 07:16:28,439+0000 INFO  [jetty-main-1]  org.sonatype.nexus.configuration.ModelUtils - Loading model /home/sakamuri_sravanthij/java.com/tool/sonatype-work/nexus/conf/ldap.xml
jvm 1    | 2018-11-17 07:16:28,517+0000 INFO  [jetty-main-1]  org.sonatype.nexus.configuration.ModelUtils - Loading model /home/sakamuri_sravanthij/java.com/tool/sonatype-work/nexus/conf/lvo-plugin.xml
jvm 1    | 2018-11-17 07:16:28,569+0000 INFO  [ar-7-thread-3] *TASK org.sonatype.nexus.proxy.maven.routing.internal.ManagerImpl - Updated and published prefix file of "Public Repositories" [id=public]
jvm 1    | 2018-11-17 07:16:28,951+0000 INFO  [jetty-main-1]  org.sonatype.nexus.plugins.siesta.SiestaModule - Resources:
jvm 1    | 2018-11-17 07:16:28,952+0000 INFO  [jetty-main-1]  org.sonatype.nexus.plugins.siesta.SiestaModule -   /service/siesta/analytics/events
jvm 1    | 2018-11-17 07:16:28,952+0000 INFO  [jetty-main-1]  org.sonatype.nexus.plugins.siesta.SiestaModule -   /service/siesta/analytics/settings
jvm 1    | 2018-11-17 07:16:28,952+0000 INFO  [jetty-main-1]  org.sonatype.nexus.plugins.siesta.SiestaModule -   /service/siesta/atlas/security-diagnostic
jvm 1    | 2018-11-17 07:16:28,952+0000 INFO  [jetty-main-1]  org.sonatype.nexus.plugins.siesta.SiestaModule -   /service/siesta/atlas/support-zip
jvm 1    | 2018-11-17 07:16:28,952+0000 INFO  [jetty-main-1]  org.sonatype.nexus.plugins.siesta.SiestaModule -   /service/siesta/atlas/system-information
jvm 1    | 2018-11-17 07:16:28,952+0000 INFO  [jetty-main-1]  org.sonatype.nexus.plugins.siesta.SiestaModule -   /service/siesta/capabilities
jvm 1    | 2018-11-17 07:16:28,952+0000 INFO  [jetty-main-1]  org.sonatype.nexus.plugins.siesta.SiestaModule -   /service/siesta/capabilities/stores
jvm 1    | 2018-11-17 07:16:28,952+0000 INFO  [jetty-main-1]  org.sonatype.nexus.plugins.siesta.SiestaModule -   /service/siesta/capabilities/types
jvm 1    | 2018-11-17 07:16:28,953+0000 INFO  [jetty-main-1]  org.sonatype.nexus.plugins.siesta.SiestaModule -   /service/siesta/clm
jvm 1    | 2018-11-17 07:16:28,953+0000 INFO  [jetty-main-1]  org.sonatype.nexus.plugins.siesta.SiestaModule -   /service/siesta/clm/applications
jvm 1    | 2018-11-17 07:16:28,953+0000 INFO  [jetty-main-1]  org.sonatype.nexus.plugins.siesta.SiestaModule -   /service/siesta/clm/firewall
jvm 1    | 2018-11-17 07:16:28,953+0000 INFO  [jetty-main-1]  org.sonatype.nexus.plugins.siesta.SiestaModule -   /service/siesta/healthcheck/gaDetails
jvm 1    | 2018-11-17 07:16:28,953+0000 INFO  [jetty-main-1]  org.sonatype.nexus.plugins.siesta.SiestaModule -   /service/siesta/healthcheck/gavDetails
jvm 1    | 2018-11-17 07:16:28,953+0000 INFO  [jetty-main-1]  org.sonatype.nexus.plugins.siesta.SiestaModule -   /service/siesta/healthcheck/healthCheckEula
jvm 1    | 2018-11-17 07:16:28,953+0000 INFO  [jetty-main-1]  org.sonatype.nexus.plugins.siesta.SiestaModule -   /service/siesta/healthcheck/healthCheckInfo
jvm 1    | 2018-11-17 07:16:28,953+0000 INFO  [jetty-main-1]  org.sonatype.nexus.plugins.siesta.SiestaModule -   /service/siesta/healthcheck/healthCheckStatus
jvm 1    | 2018-11-17 07:16:28,953+0000 INFO  [jetty-main-1]  org.sonatype.nexus.plugins.siesta.SiestaModule -   /service/siesta/healthcheck/healthCheckSummary/{repositoryId}/{path:.*}
jvm 1    | 2018-11-17 07:16:28,953+0000 INFO  [jetty-main-1]  org.sonatype.nexus.plugins.siesta.SiestaModule -   /service/siesta/logging/log
jvm 1    | 2018-11-17 07:16:28,953+0000 INFO  [jetty-main-1]  org.sonatype.nexus.plugins.siesta.SiestaModule -   /service/siesta/logging/loggers
jvm 1    | 2018-11-17 07:16:28,953+0000 INFO  [jetty-main-1]  org.sonatype.nexus.plugins.siesta.SiestaModule -   /service/siesta/migrationagent/configuration
jvm 1    | 2018-11-17 07:16:28,953+0000 INFO  [jetty-main-1]  org.sonatype.nexus.plugins.siesta.SiestaModule -   /service/siesta/migrationagent/repository
jvm 1    | 2018-11-17 07:16:28,953+0000 INFO  [jetty-main-1]  org.sonatype.nexus.plugins.siesta.SiestaModule -   /service/siesta/migrationagent/repository-changelog
jvm 1    | 2018-11-17 07:16:28,953+0000 INFO  [jetty-main-1]  org.sonatype.nexus.plugins.siesta.SiestaModule -   /service/siesta/migrationagent/repository-content
jvm 1    | 2018-11-17 07:16:28,953+0000 INFO  [jetty-main-1]  org.sonatype.nexus.plugins.siesta.SiestaModule -   /service/siesta/migrationagent/repository-migration
jvm 1    | 2018-11-17 07:16:28,953+0000 INFO  [jetty-main-1]  org.sonatype.nexus.plugins.siesta.SiestaModule -   /service/siesta/migrationagent/status
jvm 1    | 2018-11-17 07:16:28,953+0000 INFO  [jetty-main-1]  org.sonatype.nexus.plugins.siesta.SiestaModule -   /service/siesta/wonderland/authenticate
jvm 1    | 2018-11-17 07:16:28,953+0000 INFO  [jetty-main-1]  org.sonatype.nexus.plugins.siesta.SiestaModule -   /service/siesta/wonderland/download
jvm 1    | 2018-11-17 07:16:28,953+0000 INFO  [jetty-main-1]  org.sonatype.nexus.plugins.siesta.SiestaModule -   /service/siesta/wonderland/settings
jvm 1    | 2018-11-17 07:16:28,953+0000 INFO  [jetty-main-1]  org.sonatype.nexus.plugins.siesta.SiestaModule - Components:
jvm 1    | 2018-11-17 07:16:28,953+0000 INFO  [jetty-main-1]  org.sonatype.nexus.plugins.siesta.SiestaModule -   org.sonatype.nexus.plugins.capabilities.internal.rest.CapabilityNotFoundExceptionMapper
jvm 1    | 2018-11-17 07:16:28,953+0000 INFO  [jetty-main-1]  org.sonatype.nexus.plugins.siesta.SiestaModule -   org.sonatype.nexus.plugins.siesta.AuthorizationExceptionMapper
jvm 1    | 2018-11-17 07:16:28,953+0000 INFO  [jetty-main-1]  org.sonatype.nexus.plugins.siesta.SiestaModule -   org.sonatype.nexus.plugins.siesta.ErrorStatusRuntimeExceptionMapper
jvm 1    | 2018-11-17 07:16:28,953+0000 INFO  [jetty-main-1]  org.sonatype.nexus.plugins.siesta.SiestaModule -   org.sonatype.nexus.plugins.siesta.InvalidConfigurationExceptionMapper
jvm 1    | 2018-11-17 07:16:28,953+0000 INFO  [jetty-main-1]  org.sonatype.nexus.plugins.siesta.SiestaModule -   org.sonatype.nexus.plugins.siesta.NoSuchRepositoryExceptionMapper
jvm 1    | 2018-11-17 07:16:28,953+0000 INFO  [jetty-main-1]  org.sonatype.nexus.plugins.siesta.SiestaModule -   org.sonatype.sisu.siesta.jackson.JacksonProvider
jvm 1    | 2018-11-17 07:16:28,953+0000 INFO  [jetty-main-1]  org.sonatype.nexus.plugins.siesta.SiestaModule -   org.sonatype.sisu.siesta.server.internal.mappers.BadRequestExceptionMapper
jvm 1    | 2018-11-17 07:16:28,953+0000 INFO  [jetty-main-1]  org.sonatype.nexus.plugins.siesta.SiestaModule -   org.sonatype.sisu.siesta.server.internal.mappers.ConstraintViolationExceptionMapper
jvm 1    | 2018-11-17 07:16:28,954+0000 INFO  [jetty-main-1]  org.sonatype.nexus.plugins.siesta.SiestaModule -   org.sonatype.sisu.siesta.server.internal.mappers.InvalidObjectExceptionMapper
jvm 1    | 2018-11-17 07:16:28,954+0000 INFO  [jetty-main-1]  org.sonatype.nexus.plugins.siesta.SiestaModule -   org.sonatype.sisu.siesta.server.internal.mappers.ObjectNotFoundExceptionMapper
jvm 1    | 2018-11-17 07:16:28,954+0000 INFO  [jetty-main-1]  org.sonatype.nexus.plugins.siesta.SiestaModule -   org.sonatype.sisu.siesta.server.internal.mappers.ThrowableExceptionMapper
jvm 1    | 2018-11-17 07:16:28,954+0000 INFO  [jetty-main-1]  org.sonatype.nexus.plugins.siesta.SiestaModule -   org.sonatype.sisu.siesta.server.internal.mappers.ValidationErrorsExceptionMapper
jvm 1    | 2018-11-17 07:16:28,954+0000 INFO  [jetty-main-1]  org.sonatype.nexus.plugins.siesta.SiestaModule -   org.sonatype.sisu.siesta.server.internal.mappers.WebApplicationExceptionMapper
jvm 1    | 2018-11-17 07:16:28,954+0000 INFO  [jetty-main-1]  org.sonatype.nexus.plugins.siesta.SiestaModule -   org.sonatype.sisu.siesta.server.internal.mappers.WebApplicationMessageExceptionMapper
jvm 1    | 2018-11-17 07:16:30,251+0000 INFO  [jetty-main-1]  org.sonatype.nexus.webresources.internal.WebResourceServiceImpl - Discovered 1978 resources
jvm 1    | 2018-11-17 07:16:30,252+0000 INFO  [jetty-main-1]  org.sonatype.nexus.webresources.internal.WebResourceServlet - Max-age: 30 days (2592000 seconds)
jvm 1    | 2018-11-17 07:16:30,419+0000 INFO  [jetty-main-1]  org.sonatype.nexus.bootstrap.jetty.InstrumentedSelectChannelConnector - Metrics enabled
jvm 1    | 2018-11-17 07:16:30,435+0000 INFO  [jetty-main-1]  org.eclipse.jetty.server.AbstractConnector - Started InstrumentedSelectChannelConnector@0.0.0.0:8081
jvm 1    | 2018-11-17 07:16:30,435+0000 INFO  [jetty-main-1]  org.sonatype.nexus.bootstrap.jetty.JettyServer - Running
jvm 1    | 2018-11-17 07:16:30,440+0000 INFO  [WrapperListener_start_runner]  org.sonatype.nexus.bootstrap.jetty.JettyServer - Started
jvm 1    | 2018-11-17 07:18:08,706+0000 INFO  [qtp735863760-53]  org.apache.shiro.nexus5727.FixedDefaultWebSessionManager - Global session timeout: 1800000 ms
jvm 1    | 2018-11-17 07:18:08,710+0000 INFO  [qtp735863760-53]  org.apache.shiro.session.mgt.AbstractValidatingSessionManager - Enabling session validation scheduler...
jvm 1    | 2018-11-17 07:18:08,832+0000 INFO  [qtp735863760-53] *UNKNOWN org.sonatype.nexus.velocity.VelocityEngineProvider - Creating Nexus VelocityEngine
wrapper  | TERM trapped.  Shutting down.
jvm 1    | 2018-11-17 07:24:16,404+0000 INFO  [Wrapper-Control-Event-Monitor]  org.sonatype.nexus.bootstrap.jsw.JswLauncher - Received control event: 205
jvm 1    | 2018-11-17 07:24:16,465+0000 INFO  [WrapperListener_stop_runner]  org.sonatype.nexus.bootstrap.jsw.JswLauncher - Stopping with code: 0
jvm 1    | 2018-11-17 07:24:16,466+0000 INFO  [WrapperListener_stop_runner]  org.sonatype.nexus.bootstrap.jetty.JettyServer - Stopping
jvm 1    | 2018-11-17 07:24:16,466+0000 INFO  [WrapperListener_stop_runner]  org.sonatype.nexus.bootstrap.jetty.JettyServer - Stopping: org.eclipse.jetty.server.Server@3c603c36
jvm 1    | 2018-11-17 07:24:16,466+0000 INFO  [WrapperListener_stop_runner]  org.eclipse.jetty.server.Server - Graceful shutdown InstrumentedSelectChannelConnector@0.0.0.0:8081
jvm 1    | 2018-11-17 07:24:16,466+0000 INFO  [WrapperListener_stop_runner]  org.eclipse.jetty.server.Server - Graceful shutdown o.e.j.w.WebAppContext{/nexus,file:/home/sakamuri_sravanthij/java.com/tool/nexus-2.14.10-01/nexus/},/home/sakamuri_sravanthij/java.com/tool/nexus-2.14.10-01/nexus
jvm 1    | 2018-11-17 07:24:16,482+0000 INFO  [SIGTERM handler]  com.orientechnologies.orient.core.OSignalHandler - Received signal: SIGTERM
jvm 1    | 2018-11-17 07:24:17,480+0000 INFO  [WrapperListener_stop_runner]  org.sonatype.nexus.webapp.WebappBootstrap - Destroying
jvm 1    | 2018-11-17 07:24:17,625+0000 INFO  [WrapperListener_stop_runner]  org.sonatype.nexus.NxApplication - Uptime: 8 minutes, 19 seconds and 157 milliseconds
jvm 1    | 2018-11-17 07:24:17,633+0000 INFO  [WrapperListener_stop_runner]  org.sonatype.scheduling.DefaultScheduler - Shutting down Scheduler...
jvm 1    | 2018-11-17 07:24:17,662+0000 INFO  [WrapperListener_stop_runner]  org.sonatype.nexus.timeline.DefaultNexusTimeline - Stopping Nexus Timeline...
jvm 1    | 2018-11-17 07:24:17,663+0000 INFO  [WrapperListener_stop_runner]  org.sonatype.timeline.internal.DefaultTimeline - Stopped Timeline...
jvm 1    | 2018-11-17 07:24:17,665+0000 INFO  [WrapperListener_stop_runner]  org.sonatype.nexus.apachehttpclient.Hc4ProviderImpl - Stopped
jvm 1    | 2018-11-17 07:24:17,678+0000 INFO  [WrapperListener_stop_runner]  org.sonatype.nexus.index.DefaultIndexerManager - Shutting down Nexus IndexerManager
jvm 1    | 2018-11-17 07:24:17,777+0000 INFO  [WrapperListener_stop_runner]  org.sonatype.nexus.events.EventSubscriberHost - Stopping
jvm 1    | 2018-11-17 07:24:17,795+0000 INFO  [WrapperListener_stop_runner]  org.apache.shiro.session.mgt.AbstractValidatingSessionManager - Disabled session validation scheduler.
jvm 1    | 2018-11-17 07:24:17,797+0000 INFO  [WrapperListener_stop_runner]  com.orientechnologies.orient.server.OServer - OrientDB Server is shutting down...
jvm 1    | 2018-11-17 07:24:17,798+0000 INFO  [WrapperListener_stop_runner]  com.orientechnologies.orient.server.OServer - Shutting down protocols
jvm 1    | 2018-11-17 07:24:17,800+0000 INFO  [WrapperListener_stop_runner]  com.orientechnologies.orient.server.plugin.OServerPluginManager - Shutting down plugins:
jvm 1    | 2018-11-17 07:24:17,800+0000 INFO  [WrapperListener_stop_runner]  com.orientechnologies.orient.server.plugin.OServerPluginManager - - jmx
jvm 1    | 2018-11-17 07:24:17,800+0000 INFO  [WrapperListener_stop_runner]  com.orientechnologies.orient.server.OServer - Shutting down databases:
jvm 1    | 2018-11-17 07:24:18,280+0000 INFO  [WrapperListener_stop_runner]  com.orientechnologies.orient.core.Orient - OrientDB Engine shutdown complete
jvm 1    | 2018-11-17 07:24:18,280+0000 INFO  [WrapperListener_stop_runner]  com.orientechnologies.orient.server.OServer - OrientDB Server shutdown complete
jvm 1    | 2018-11-17 07:24:18,281+0000 INFO  [WrapperListener_stop_runner]  org.sonatype.nexus.orient.DatabaseServerImpl - Shutdown
jvm 1    | 2018-11-17 07:24:18,281+0000 INFO  [WrapperListener_stop_runner]  org.sonatype.nexus.NxApplication - Stopped Nexus Repository Manager OSS 2.14.10-01
jvm 1    | 2018-11-17 07:24:18,303+0000 INFO  [WrapperListener_stop_runner]  org.sonatype.nexus.webapp.WebappBootstrap - Destroyed
jvm 1    | 2018-11-17 07:24:18,304+0000 INFO  [WrapperListener_stop_runner]  org.eclipse.jetty.server.handler.ContextHandler - stopped o.e.j.w.WebAppContext{/nexus,file:/home/sakamuri_sravanthij/java.com/tool/nexus-2.14.10-01/nexus/},/home/sakamuri_sravanthij/java.com/tool/nexus-2.14.10-01/nexus
wrapper  | JVM exited unexpectedly while stopping the application.
jvm 1    | 2018-11-17 07:24:18,355+0000 INFO  [WrapperListener_stop_runner]  org.sonatype.nexus.bootstrap.jetty.JettyServer - Stopped
wrapper  | <-- Wrapper Stopped
